This is pdfTeX, Version 3.14159265-2.6-1.40.20 (MiKTeX 2.9.7000 64-bit) (preloaded format=pdflatex 2019.5.11)  27 MAY 2019 22:49
entering extended mode
**./ElectrostaticsAndCondensers.tex
(ElectrostaticsAndCondensers.tex
LaTeX2e <2018-12-01>
! Undefined control sequence.
l.1 \section
            {–≠–ª–µ–∫—Ç—Ä–æ—Å—Ç–∞—Ç–∏–∫–∞}
The control sequence at the end of the top line
of your error message was never \def'ed. If you have
misspelled it (e.g., `\hobx'), type `I' and the correct
spelling (e.g., `I\hbox'). Otherwise just continue,
and I'll forget about whatever was undefined.


! Package inputenc Error: Unicode character –≠ (U+042D)
(inputenc)                not set up for use with LaTeX.

See the inputenc package documentation for explanation.
Type  H <return>  for immediate help.
 ...                                              
                                                  
l.1 \section{–≠
               –ª–µ–∫—Ç—Ä–æ—Å—Ç–∞—Ç–∏–∫–∞}
You may provide a definition with
\DeclareUnicodeCharacter 


! Package inputenc Error: Unicode character –ª (U+043B)
(inputenc)                not set up for use with LaTeX.

See the inputenc package documentation for explanation.
Type  H <return>  for immediate help.
 ...                                              
                                                  
l.1 \section{–≠–ª
                 –µ–∫—Ç—Ä–æ—Å—Ç–∞—Ç–∏–∫–∞}
You may provide a definition with
\DeclareUnicodeCharacter 


! Package inputenc Error: Unicode character –µ (U+0435)
(inputenc)                not set up for use with LaTeX.

See the inputenc package documentation for explanation.
Type  H <return>  for immediate help.
 ...                                              
                                                  
l.1 \section{–≠–ª–µ
                   –∫—Ç—Ä–æ—Å—Ç–∞—Ç–∏–∫–∞}
You may provide a definition with
\DeclareUnicodeCharacter 


! Package inputenc Error: Unicode character –∫ (U+043A)
(inputenc)                not set up for use with LaTeX.

See the inputenc package documentation for explanation.
Type  H <return>  for immediate help.
 ...                                              
                                                  
l.1 \section{–≠–ª–µ–∫
                     —Ç—Ä–æ—Å—Ç–∞—Ç–∏–∫–∞}
You may provide a definition with
\DeclareUnicodeCharacter 


! Package inputenc Error: Unicode character —Ç (U+0442)
(inputenc)                not set up for use with LaTeX.

See the inputenc package documentation for explanation.
Type  H <return>  for immediate help.
 ...                                              
                                                  
l.1 \section{–≠–ª–µ–∫—Ç
                       —Ä–æ—Å—Ç–∞—Ç–∏–∫–∞}
You may provide a definition with
\DeclareUnicodeCharacter 


! Package inputenc Error: Unicode character —Ä (U+0440)
(inputenc)                not set up for use with LaTeX.

See the inputenc package documentation for explanation.
Type  H <return>  for immediate help.
 ...                                              
                                                  
l.1 \section{–≠–ª–µ–∫—Ç—Ä
                         –æ—Å—Ç–∞—Ç–∏–∫–∞}
You may provide a definition with
\DeclareUnicodeCharacter 


! Package inputenc Error: Unicode character –æ (U+043E)
(inputenc)                not set up for use with LaTeX.

See the inputenc package documentation for explanation.
Type  H <return>  for immediate help.
 ...                                              
                                                  
l.1 \section{–≠–ª–µ–∫—Ç—Ä–æ
                           —Å—Ç–∞—Ç–∏–∫–∞}
You may provide a definition with
\DeclareUnicodeCharacter 


! Package inputenc Error: Unicode character —Å (U+0441)
(inputenc)                not set up for use with LaTeX.

See the inputenc package documentation for explanation.
Type  H <return>  for immediate help.
 ...                                              
                                                  
l.1 \section{–≠–ª–µ–∫—Ç—Ä–æ—Å
                             —Ç–∞—Ç–∏–∫–∞}
You may provide a definition with
\DeclareUnicodeCharacter 


! Package inputenc Error: Unicode character —Ç (U+0442)
(inputenc)                not set up for use with LaTeX.

See the inputenc package documentation for explanation.
Type  H <return>  for immediate help.
 ...                                              
                                                  
l.1 \section{–≠–ª–µ–∫—Ç—Ä–æ—Å—Ç
                               –∞—Ç–∏–∫–∞}
You may provide a definition with
\DeclareUnicodeCharacter 


! Package inputenc Error: Unicode character –∞ (U+0430)
(inputenc)                not set up for use with LaTeX.

See the inputenc package documentation for explanation.
Type  H <return>  for immediate help.
 ...                                              
                                                  
l.1 \section{–≠–ª–µ–∫—Ç—Ä–æ—Å—Ç–∞
                                 —Ç–∏–∫–∞}
You may provide a definition with
\DeclareUnicodeCharacter 


! Package inputenc Error: Unicode character —Ç (U+0442)
(inputenc)                not set up for use with LaTeX.

See the inputenc package documentation for explanation.
Type  H <return>  for immediate help.
 ...                                              
                                                  
l.1 \section{–≠–ª–µ–∫—Ç—Ä–æ—Å—Ç–∞—Ç
                                   –∏–∫–∞}
You may provide a definition with
\DeclareUnicodeCharacter 


! Package inputenc Error: Unicode character –∏ (U+0438)
(inputenc)                not set up for use with LaTeX.

See the inputenc package documentation for explanation.
Type  H <return>  for immediate help.
 ...                                              
                                                  
l.1 \section{–≠–ª–µ–∫—Ç—Ä–æ—Å—Ç–∞—Ç–∏
                                     –∫–∞}
You may provide a definition with
\DeclareUnicodeCharacter 


! Package inputenc Error: Unicode character –∫ (U+043A)
(inputenc)                not set up for use with LaTeX.

See the inputenc package documentation for explanation.
Type  H <return>  for immediate help.
 ...                                              
                                                  
l.1 \section{–≠–ª–µ–∫—Ç—Ä–æ—Å—Ç–∞—Ç–∏–∫
                                       –∞}
You may provide a definition with
\DeclareUnicodeCharacter 


! Package inputenc Error: Unicode character –∞ (U+0430)
(inputenc)                not set up for use with LaTeX.

See the inputenc package documentation for explanation.
Type  H <return>  for immediate help.
 ...                                              
                                                  
l.1 \section{–≠–ª–µ–∫—Ç—Ä–æ—Å—Ç–∞—Ç–∏–∫–∞
                                         }
You may provide a definition with
\DeclareUnicodeCharacter 


! LaTeX Error: Environment ex undefined.

See the LaTeX manual or LaTeX Companion for explanation.
Type  H <return>  for immediate help.
 ...                                              
                                                  
l.3 \begin{ex}
              
Your command was ignored.
Type  I <command> <return>  to replace it with another command,
or  <return>  to continue without it.


! Package inputenc Error: Unicode character –î (U+0414)
(inputenc)                not set up for use with LaTeX.

See the inputenc package documentation for explanation.
Type  H <return>  for immediate help.
 ...                                              
                                                  
l.4 –î
      –≤–∞ –º–∞–ª–µ–Ω—å–∫–∏—Ö —à–∞—Ä–∏–∫–∞, –º–∞—Å—Å—ã –∫–æ—Ç–æ—Ä—ã—Ö $m$ –∏...

You may provide a definition with
\DeclareUnicodeCharacter 


! Package inputenc Error: Unicode character –≤ (U+0432)
(inputenc)                not set up for use with LaTeX.

See the inputenc package documentation for explanation.
Type  H <return>  for immediate help.
 ...                                              
                                                  
l.4 –î–≤
        –∞ –º–∞–ª–µ–Ω—å–∫–∏—Ö —à–∞—Ä–∏–∫–∞, –º–∞—Å—Å—ã –∫–æ—Ç–æ—Ä—ã—Ö $m$ –∏...

You may provide a definition with
\DeclareUnicodeCharacter 


! Package inputenc Error: Unicode character –∞ (U+0430)
(inputenc)                not set up for use with LaTeX.

See the inputenc package documentation for explanation.
Type  H <return>  for immediate help.
 ...                                              
                                                  
l.4 –î–≤–∞
           –º–∞–ª–µ–Ω—å–∫–∏—Ö —à–∞—Ä–∏–∫–∞, –º–∞—Å—Å—ã –∫–æ—Ç–æ—Ä—ã—Ö $m$ –∏...

You may provide a definition with
\DeclareUnicodeCharacter 


! Package inputenc Error: Unicode character –º (U+043C)
(inputenc)                not set up for use with LaTeX.

See the inputenc package documentation for explanation.
Type  H <return>  for immediate help.
 ...                                              
                                                  
l.4 –î–≤–∞ –º
             –∞–ª–µ–Ω—å–∫–∏—Ö —à–∞—Ä–∏–∫–∞, –º–∞—Å—Å—ã –∫–æ—Ç–æ—Ä—ã—Ö $m$ –∏...

You may provide a definition with
\DeclareUnicodeCharacter 


! Package inputenc Error: Unicode character –∞ (U+0430)
(inputenc)                not set up for use with LaTeX.

See the inputenc package documentation for explanation.
Type  H <return>  for immediate help.
 ...                                              
                                                  
l.4 –î–≤–∞ –º–∞
               –ª–µ–Ω—å–∫–∏—Ö —à–∞—Ä–∏–∫–∞, –º–∞—Å—Å—ã –∫–æ—Ç–æ—Ä—ã—Ö $m$ –∏...

You may provide a definition with
\DeclareUnicodeCharacter 


! Package inputenc Error: Unicode character –ª (U+043B)
(inputenc)                not set up for use with LaTeX.

See the inputenc package documentation for explanation.
Type  H <return>  for immediate help.
 ...                                              
                                                  
l.4 –î–≤–∞ –º–∞–ª
                 –µ–Ω—å–∫–∏—Ö —à–∞—Ä–∏–∫–∞, –º–∞—Å—Å—ã –∫–æ—Ç–æ—Ä—ã—Ö $m$ –∏...

You may provide a definition with
\DeclareUnicodeCharacter 


! Package inputenc Error: Unicode character –µ (U+0435)
(inputenc)                not set up for use with LaTeX.

See the inputenc package documentation for explanation.
Type  H <return>  for immediate help.
 ...                                              
                                                  
l.4 –î–≤–∞ –º–∞–ª–µ
                   –Ω—å–∫–∏—Ö —à–∞—Ä–∏–∫–∞, –º–∞—Å—Å—ã –∫–æ—Ç–æ—Ä—ã—Ö $m$ –∏...

You may provide a definition with
\DeclareUnicodeCharacter 


! Package inputenc Error: Unicode character –Ω (U+043D)
(inputenc)                not set up for use with LaTeX.

See the inputenc package documentation for explanation.
Type  H <return>  for immediate help.
 ...                                              
                                                  
l.4 –î–≤–∞ –º–∞–ª–µ–Ω
                     —å–∫–∏—Ö —à–∞—Ä–∏–∫–∞, –º–∞—Å—Å—ã –∫–æ—Ç–æ—Ä—ã—Ö $m$ –∏...

You may provide a definition with
\DeclareUnicodeCharacter 


! Package inputenc Error: Unicode character —å (U+044C)
(inputenc)                not set up for use with LaTeX.

See the inputenc package documentation for explanation.
Type  H <return>  for immediate help.
 ...                                              
                                                  
l.4 –î–≤–∞ –º–∞–ª–µ–Ω—å
                       –∫–∏—Ö —à–∞—Ä–∏–∫–∞, –º–∞—Å—Å—ã –∫–æ—Ç–æ—Ä—ã—Ö $m$ –∏...

You may provide a definition with
\DeclareUnicodeCharacter 


! Package inputenc Error: Unicode character –∫ (U+043A)
(inputenc)                not set up for use with LaTeX.

See the inputenc package documentation for explanation.
Type  H <return>  for immediate help.
 ...                                              
                                                  
l.4 –î–≤–∞ –º–∞–ª–µ–Ω—å–∫
                         –∏—Ö —à–∞—Ä–∏–∫–∞, –º–∞—Å—Å—ã –∫–æ—Ç–æ—Ä—ã—Ö $m$ –∏...

You may provide a definition with
\DeclareUnicodeCharacter 


! Package inputenc Error: Unicode character –∏ (U+0438)
(inputenc)                not set up for use with LaTeX.

See the inputenc package documentation for explanation.
Type  H <return>  for immediate help.
 ...                                              
                                                  
l.4 –î–≤–∞ –º–∞–ª–µ–Ω—å–∫–∏
                           —Ö —à–∞—Ä–∏–∫–∞, –º–∞—Å—Å—ã –∫–æ—Ç–æ—Ä—ã—Ö $m$ –∏...

You may provide a definition with
\DeclareUnicodeCharacter 


! Package inputenc Error: Unicode character —Ö (U+0445)
(inputenc)                not set up for use with LaTeX.

See the inputenc package documentation for explanation.
Type  H <return>  for immediate help.
 ...                                              
                                                  
l.4 –î–≤–∞ –º–∞–ª–µ–Ω—å–∫–∏—Ö
                              —à–∞—Ä–∏–∫–∞, –º–∞—Å—Å—ã –∫–æ—Ç–æ—Ä—ã—Ö $m$ –∏...

You may provide a definition with
\DeclareUnicodeCharacter 


! Package inputenc Error: Unicode character —à (U+0448)
(inputenc)                not set up for use with LaTeX.

See the inputenc package documentation for explanation.
Type  H <return>  for immediate help.
 ...                                              
                                                  
l.4 –î–≤–∞ –º–∞–ª–µ–Ω—å–∫–∏—Ö —à
                                –∞—Ä–∏–∫–∞, –º–∞—Å—Å—ã –∫–æ—Ç–æ—Ä—ã—Ö $m$ –∏...

You may provide a definition with
\DeclareUnicodeCharacter 


! Package inputenc Error: Unicode character –∞ (U+0430)
(inputenc)                not set up for use with LaTeX.

See the inputenc package documentation for explanation.
Type  H <return>  for immediate help.
 ...                                              
                                                  
l.4 –î–≤–∞ –º–∞–ª–µ–Ω—å–∫–∏—Ö —à–∞
                                  —Ä–∏–∫–∞, –º–∞—Å—Å—ã –∫–æ—Ç–æ—Ä—ã—Ö $m$ –∏...

You may provide a definition with
\DeclareUnicodeCharacter 


! Package inputenc Error: Unicode character —Ä (U+0440)
(inputenc)                not set up for use with LaTeX.

See the inputenc package documentation for explanation.
Type  H <return>  for immediate help.
 ...                                              
                                                  
l.4 –î–≤–∞ –º–∞–ª–µ–Ω—å–∫–∏—Ö —à–∞—Ä
                                    –∏–∫–∞, –º–∞—Å—Å—ã –∫–æ—Ç–æ—Ä—ã—Ö $m$ –∏...

You may provide a definition with
\DeclareUnicodeCharacter 


! Package inputenc Error: Unicode character –∏ (U+0438)
(inputenc)                not set up for use with LaTeX.

See the inputenc package documentation for explanation.
Type  H <return>  for immediate help.
 ...                                              
                                                  
l.4 –î–≤–∞ –º–∞–ª–µ–Ω—å–∫–∏—Ö —à–∞—Ä–∏
                                      –∫–∞, –º–∞—Å—Å—ã –∫–æ—Ç–æ—Ä—ã—Ö $m$ –∏...

You may provide a definition with
\DeclareUnicodeCharacter 


! Package inputenc Error: Unicode character –∫ (U+043A)
(inputenc)                not set up for use with LaTeX.

See the inputenc package documentation for explanation.
Type  H <return>  for immediate help.
 ...                                              
                                                  
l.4 –î–≤–∞ –º–∞–ª–µ–Ω—å–∫–∏—Ö —à–∞—Ä–∏–∫
                                        –∞, –º–∞—Å—Å—ã –∫–æ—Ç–æ—Ä—ã—Ö $m$ –∏...

You may provide a definition with
\DeclareUnicodeCharacter 


! Package inputenc Error: Unicode character –∞ (U+0430)
(inputenc)                not set up for use with LaTeX.

See the inputenc package documentation for explanation.
Type  H <return>  for immediate help.
 ...                                              
                                                  
l.4 –î–≤–∞ –º–∞–ª–µ–Ω—å–∫–∏—Ö —à–∞—Ä–∏–∫–∞
                                          , –º–∞—Å—Å—ã –∫–æ—Ç–æ—Ä—ã—Ö $m$ –∏...

You may provide a definition with
\DeclareUnicodeCharacter 


! LaTeX Error: Missing \begin{document}.

See the LaTeX manual or LaTeX Companion for explanation.
Type  H <return>  for immediate help.
 ...                                              
                                                  
l.4 –î–≤–∞ –º–∞–ª–µ–Ω—å–∫–∏—Ö —à–∞—Ä–∏–∫–∞,
                                            –º–∞—Å—Å—ã –∫–æ—Ç–æ—Ä—ã—Ö $m$ –∏...

You're in trouble here.  Try typing  <return>  to proceed.
If that doesn't work, type  X <return>  to quit.

Missing character: There is no , in font nullfont!

! Package inputenc Error: Unicode character –º (U+043C)
(inputenc)                not set up for use with LaTeX.

See the inputenc package documentation for explanation.
Type  H <return>  for immediate help.
 ...                                              
                                                  
l.4 –î–≤–∞ –º–∞–ª–µ–Ω—å–∫–∏—Ö —à–∞—Ä–∏–∫–∞, –º
                                              –∞—Å—Å—ã –∫–æ—Ç–æ—Ä—ã—Ö $m$ –∏...

You may provide a definition with
\DeclareUnicodeCharacter 


! Package inputenc Error: Unicode character –∞ (U+0430)
(inputenc)                not set up for use with LaTeX.

See the inputenc package documentation for explanation.
Type  H <return>  for immediate help.
 ...                                              
                                                  
l.4 –î–≤–∞ –º–∞–ª–µ–Ω—å–∫–∏—Ö —à–∞—Ä–∏–∫–∞, –º–∞
                                                —Å—Å—ã –∫–æ—Ç–æ—Ä—ã—Ö $m$ –∏...

You may provide a definition with
\DeclareUnicodeCharacter 


! Package inputenc Error: Unicode character —Å (U+0441)
(inputenc)                not set up for use with LaTeX.

See the inputenc package documentation for explanation.
Type  H <return>  for immediate help.
 ...                                              
                                                  
l.4 –î–≤–∞ –º–∞–ª–µ–Ω—å–∫–∏—Ö —à–∞—Ä–∏–∫–∞, –º–∞—Å
                                                  —Å—ã –∫–æ—Ç–æ—Ä—ã—Ö $m$ –∏...

You may provide a definition with
\DeclareUnicodeCharacter 


! Package inputenc Error: Unicode character —Å (U+0441)
(inputenc)                not set up for use with LaTeX.

See the inputenc package documentation for explanation.
Type  H <return>  for immediate help.
 ...                                              
                                                  
l.4 ...∞ –º–∞–ª–µ–Ω—å–∫–∏—Ö —à–∞—Ä–∏–∫–∞, –º–∞—Å—Å
                                                  —ã –∫–æ—Ç–æ—Ä—ã—Ö $m$ –∏ $...

You may provide a definition with
\DeclareUnicodeCharacter 


! Package inputenc Error: Unicode character —ã (U+044B)
(inputenc)                not set up for use with LaTeX.

See the inputenc package documentation for explanation.
Type  H <return>  for immediate help.
 ...                                              
                                                  
l.4 ...–º–∞–ª–µ–Ω—å–∫–∏—Ö —à–∞—Ä–∏–∫–∞, –º–∞—Å—Å—ã
                                                   –∫–æ—Ç–æ—Ä—ã—Ö $m$ –∏ $M$...

You may provide a definition with
\DeclareUnicodeCharacter 


! Package inputenc Error: Unicode character –∫ (U+043A)
(inputenc)                not set up for use with LaTeX.

See the inputenc package documentation for explanation.
Type  H <return>  for immediate help.
 ...                                              
                                                  
l.4 ...∞–ª–µ–Ω—å–∫–∏—Ö —à–∞—Ä–∏–∫–∞, –º–∞—Å—Å—ã –∫
                                                  –æ—Ç–æ—Ä—ã—Ö $m$ –∏ $M$, –...

You may provide a definition with
\DeclareUnicodeCharacter 


! Package inputenc Error: Unicode character –æ (U+043E)
(inputenc)                not set up for use with LaTeX.

See the inputenc package documentation for explanation.
Type  H <return>  for immediate help.
 ...                                              
                                                  
l.4 ...ª–µ–Ω—å–∫–∏—Ö —à–∞—Ä–∏–∫–∞, –º–∞—Å—Å—ã –∫–æ
                                                  —Ç–æ—Ä—ã—Ö $m$ –∏ $M$, –∑–...

You may provide a definition with
\DeclareUnicodeCharacter 


! Package inputenc Error: Unicode character —Ç (U+0442)
(inputenc)                not set up for use with LaTeX.

See the inputenc package documentation for explanation.
Type  H <return>  for immediate help.
 ...                                              
                                                  
l.4 ...µ–Ω—å–∫–∏—Ö —à–∞—Ä–∏–∫–∞, –º–∞—Å—Å—ã –∫–æ—Ç
                                                  –æ—Ä—ã—Ö $m$ –∏ $M$, –∑–∞—...

You may provide a definition with
\DeclareUnicodeCharacter 


! Package inputenc Error: Unicode character –æ (U+043E)
(inputenc)                not set up for use with LaTeX.

See the inputenc package documentation for explanation.
Type  H <return>  for immediate help.
 ...                                              
                                                  
l.4 ...Ω—å–∫–∏—Ö —à–∞—Ä–∏–∫–∞, –º–∞—Å—Å—ã –∫–æ—Ç–æ
                                                  —Ä—ã—Ö $m$ –∏ $M$, –∑–∞—Ä—...

You may provide a definition with
\DeclareUnicodeCharacter 


! Package inputenc Error: Unicode character —Ä (U+0440)
(inputenc)                not set up for use with LaTeX.

See the inputenc package documentation for explanation.
Type  H <return>  for immediate help.
 ...                                              
                                                  
l.4 ...å–∫–∏—Ö —à–∞—Ä–∏–∫–∞, –º–∞—Å—Å—ã –∫–æ—Ç–æ—Ä
                                                  —ã—Ö $m$ –∏ $M$, –∑–∞—Ä—è–...

You may provide a definition with
\DeclareUnicodeCharacter 


! Package inputenc Error: Unicode character —ã (U+044B)
(inputenc)                not set up for use with LaTeX.

See the inputenc package documentation for explanation.
Type  H <return>  for immediate help.
 ...                                              
                                                  
l.4 ...∫–∏—Ö —à–∞—Ä–∏–∫–∞, –º–∞—Å—Å—ã –∫–æ—Ç–æ—Ä—ã
                                                  —Ö $m$ –∏ $M$, –∑–∞—Ä—è–∂–...

You may provide a definition with
\DeclareUnicodeCharacter 


! Package inputenc Error: Unicode character —Ö (U+0445)
(inputenc)                not set up for use with LaTeX.

See the inputenc package documentation for explanation.
Type  H <return>  for immediate help.
 ...                                              
                                                  
l.4 ...∏—Ö —à–∞—Ä–∏–∫–∞, –º–∞—Å—Å—ã –∫–æ—Ç–æ—Ä—ã—Ö
                                                   $m$ –∏ $M$, –∑–∞—Ä—è–∂–µ–...

You may provide a definition with
\DeclareUnicodeCharacter 

LaTeX Font Info:    External font `cmex10' loaded for size
(Font)              <7> on input line 4.
LaTeX Font Info:    External font `cmex10' loaded for size
(Font)              <5> on input line 4.

! Package inputenc Error: Unicode character –∏ (U+0438)
(inputenc)                not set up for use with LaTeX.

See the inputenc package documentation for explanation.
Type  H <return>  for immediate help.
 ...                                              
                                                  
l.4 ...∞—Ä–∏–∫–∞, –º–∞—Å—Å—ã –∫–æ—Ç–æ—Ä—ã—Ö $m$ –∏
                                                   $M$, –∑–∞—Ä—è–∂–µ–Ω—ã –æ–...

You may provide a definition with
\DeclareUnicodeCharacter 

Missing character: There is no , in font nullfont!

! Package inputenc Error: Unicode character –∑ (U+0437)
(inputenc)                not set up for use with LaTeX.

See the inputenc package documentation for explanation.
Type  H <return>  for immediate help.
 ...                                              
                                                  
l.4 ...∞, –º–∞—Å—Å—ã –∫–æ—Ç–æ—Ä—ã—Ö $m$ –∏ $M$, –∑
                                                  –∞—Ä—è–∂–µ–Ω—ã –æ–¥–∏–Ω–∞–...

You may provide a definition with
\DeclareUnicodeCharacter 


! Package inputenc Error: Unicode character –∞ (U+0430)
(inputenc)                not set up for use with LaTeX.

See the inputenc package documentation for explanation.
Type  H <return>  for immediate help.
 ...                                              
                                                  
l.4 ... –º–∞—Å—Å—ã –∫–æ—Ç–æ—Ä—ã—Ö $m$ –∏ $M$, –∑–∞
                                                  —Ä—è–∂–µ–Ω—ã –æ–¥–∏–Ω–∞–∫–...

You may provide a definition with
\DeclareUnicodeCharacter 


! Package inputenc Error: Unicode character —Ä (U+0440)
(inputenc)                not set up for use with LaTeX.

See the inputenc package documentation for explanation.
Type  H <return>  for immediate help.
 ...                                              
                                                  
l.4 ...º–∞—Å—Å—ã –∫–æ—Ç–æ—Ä—ã—Ö $m$ –∏ $M$, –∑–∞—Ä
                                                  —è–∂–µ–Ω—ã –æ–¥–∏–Ω–∞–∫–æ–...

You may provide a definition with
\DeclareUnicodeCharacter 


! Package inputenc Error: Unicode character —è (U+044F)
(inputenc)                not set up for use with LaTeX.

See the inputenc package documentation for explanation.
Type  H <return>  for immediate help.
 ...                                              
                                                  
l.4 ...∞—Å—Å—ã –∫–æ—Ç–æ—Ä—ã—Ö $m$ –∏ $M$, –∑–∞—Ä—è
                                                  –∂–µ–Ω—ã –æ–¥–∏–Ω–∞–∫–æ–≤—...

You may provide a definition with
\DeclareUnicodeCharacter 


! Package inputenc Error: Unicode character –∂ (U+0436)
(inputenc)                not set up for use with LaTeX.

See the inputenc package documentation for explanation.
Type  H <return>  for immediate help.
 ...                                              
                                                  
l.4 ...Å—Å—ã –∫–æ—Ç–æ—Ä—ã—Ö $m$ –∏ $M$, –∑–∞—Ä—è–∂
                                                  –µ–Ω—ã –æ–¥–∏–Ω–∞–∫–æ–≤—ã–...

You may provide a definition with
\DeclareUnicodeCharacter 


! Package inputenc Error: Unicode character –µ (U+0435)
(inputenc)                not set up for use with LaTeX.

See the inputenc package documentation for explanation.
Type  H <return>  for immediate help.
 ...                                              
                                                  
l.4 ...Å—ã –∫–æ—Ç–æ—Ä—ã—Ö $m$ –∏ $M$, –∑–∞—Ä—è–∂–µ
                                                  –Ω—ã –æ–¥–∏–Ω–∞–∫–æ–≤—ã–º–...

You may provide a definition with
\DeclareUnicodeCharacter 


! Package inputenc Error: Unicode character –Ω (U+043D)
(inputenc)                not set up for use with LaTeX.

See the inputenc package documentation for explanation.
Type  H <return>  for immediate help.
 ...                                              
                                                  
l.4 ...ã –∫–æ—Ç–æ—Ä—ã—Ö $m$ –∏ $M$, –∑–∞—Ä—è–∂–µ–Ω
                                                  —ã –æ–¥–∏–Ω–∞–∫–æ–≤—ã–º–∏ ...

You may provide a definition with
\DeclareUnicodeCharacter 


! Package inputenc Error: Unicode character —ã (U+044B)
(inputenc)                not set up for use with LaTeX.

See the inputenc package documentation for explanation.
Type  H <return>  for immediate help.
 ...                                              
                                                  
l.4 ...–∫–æ—Ç–æ—Ä—ã—Ö $m$ –∏ $M$, –∑–∞—Ä—è–∂–µ–Ω—ã
                                                   –æ–¥–∏–Ω–∞–∫–æ–≤—ã–º–∏ –∑...

You may provide a definition with
\DeclareUnicodeCharacter 


! Package inputenc Error: Unicode character –æ (U+043E)
(inputenc)                not set up for use with LaTeX.

See the inputenc package documentation for explanation.
Type  H <return>  for immediate help.
 ...                                              
                                                  
l.4 ...æ—Ç–æ—Ä—ã—Ö $m$ –∏ $M$, –∑–∞—Ä—è–∂–µ–Ω—ã –æ
                                                  –¥–∏–Ω–∞–∫–æ–≤—ã–º–∏ –∑–∞—...

You may provide a definition with
\DeclareUnicodeCharacter 


! Package inputenc Error: Unicode character –¥ (U+0434)
(inputenc)                not set up for use with LaTeX.

See the inputenc package documentation for explanation.
Type  H <return>  for immediate help.
 ...                                              
                                                  
l.4 ...Ç–æ—Ä—ã—Ö $m$ –∏ $M$, –∑–∞—Ä—è–∂–µ–Ω—ã –æ–¥
                                                  –∏–Ω–∞–∫–æ–≤—ã–º–∏ –∑–∞—Ä—...

You may provide a definition with
\DeclareUnicodeCharacter 


! Package inputenc Error: Unicode character –∏ (U+0438)
(inputenc)                not set up for use with LaTeX.

See the inputenc package documentation for explanation.
Type  H <return>  for immediate help.
 ...                                              
                                                  
l.4 ...æ—Ä—ã—Ö $m$ –∏ $M$, –∑–∞—Ä—è–∂–µ–Ω—ã –æ–¥–∏
                                                  –Ω–∞–∫–æ–≤—ã–º–∏ –∑–∞—Ä—è–...

You may provide a definition with
\DeclareUnicodeCharacter 


! Package inputenc Error: Unicode character –Ω (U+043D)
(inputenc)                not set up for use with LaTeX.

See the inputenc package documentation for explanation.
Type  H <return>  for immediate help.
 ...                                              
                                                  
l.4 ...Ä—ã—Ö $m$ –∏ $M$, –∑–∞—Ä—è–∂–µ–Ω—ã –æ–¥–∏–Ω
                                                  –∞–∫–æ–≤—ã–º–∏ –∑–∞—Ä—è–¥–...

You may provide a definition with
\DeclareUnicodeCharacter 


! Package inputenc Error: Unicode character –∞ (U+0430)
(inputenc)                not set up for use with LaTeX.

See the inputenc package documentation for explanation.
Type  H <return>  for immediate help.
 ...                                              
                                                  
l.4 ...ã—Ö $m$ –∏ $M$, –∑–∞—Ä—è–∂–µ–Ω—ã –æ–¥–∏–Ω–∞
                                                  –∫–æ–≤—ã–º–∏ –∑–∞—Ä—è–¥–∞–...

You may provide a definition with
\DeclareUnicodeCharacter 


! Package inputenc Error: Unicode character –∫ (U+043A)
(inputenc)                not set up for use with LaTeX.

See the inputenc package documentation for explanation.
Type  H <return>  for immediate help.
 ...                                              
                                                  
l.4 ...Ö $m$ –∏ $M$, –∑–∞—Ä—è–∂–µ–Ω—ã –æ–¥–∏–Ω–∞–∫
                                                  –æ–≤—ã–º–∏ –∑–∞—Ä—è–¥–∞–º–...

You may provide a definition with
\DeclareUnicodeCharacter 


! Package inputenc Error: Unicode character –æ (U+043E)
(inputenc)                not set up for use with LaTeX.

See the inputenc package documentation for explanation.
Type  H <return>  for immediate help.
 ...                                              
                                                  
l.4 ...$m$ –∏ $M$, –∑–∞—Ä—è–∂–µ–Ω—ã –æ–¥–∏–Ω–∞–∫–æ
                                                  –≤—ã–º–∏ –∑–∞—Ä—è–¥–∞–º–∏ ...

You may provide a definition with
\DeclareUnicodeCharacter 


! Package inputenc Error: Unicode character –≤ (U+0432)
(inputenc)                not set up for use with LaTeX.

See the inputenc package documentation for explanation.
Type  H <return>  for immediate help.
 ...                                              
                                                  
l.4 ...$ –∏ $M$, –∑–∞—Ä—è–∂–µ–Ω—ã –æ–¥–∏–Ω–∞–∫–æ–≤
                                                  —ã–º–∏ –∑–∞—Ä—è–¥–∞–º–∏ $q...

You may provide a definition with
\DeclareUnicodeCharacter 


! Package inputenc Error: Unicode character —ã (U+044B)
(inputenc)                not set up for use with LaTeX.

See the inputenc package documentation for explanation.
Type  H <return>  for immediate help.
 ...                                              
                                                  
l.4 ...–∏ $M$, –∑–∞—Ä—è–∂–µ–Ω—ã –æ–¥–∏–Ω–∞–∫–æ–≤—ã
                                                  –º–∏ –∑–∞—Ä—è–¥–∞–º–∏ $q$ ...

You may provide a definition with
\DeclareUnicodeCharacter 


! Package inputenc Error: Unicode character –º (U+043C)
(inputenc)                not set up for use with LaTeX.

See the inputenc package documentation for explanation.
Type  H <return>  for immediate help.
 ...                                              
                                                  
l.4 ... $M$, –∑–∞—Ä—è–∂–µ–Ω—ã –æ–¥–∏–Ω–∞–∫–æ–≤—ã–º
                                                  –∏ –∑–∞—Ä—è–¥–∞–º–∏ $q$ –∏...

You may provide a definition with
\DeclareUnicodeCharacter 


! Package inputenc Error: Unicode character –∏ (U+0438)
(inputenc)                not set up for use with LaTeX.

See the inputenc package documentation for explanation.
Type  H <return>  for immediate help.
 ...                                              
                                                  
l.4 ...M$, –∑–∞—Ä—è–∂–µ–Ω—ã –æ–¥–∏–Ω–∞–∫–æ–≤—ã–º–∏
                                                   –∑–∞—Ä—è–¥–∞–º–∏ $q$ –∏ —...

You may provide a definition with
\DeclareUnicodeCharacter 


! Package inputenc Error: Unicode character –∑ (U+0437)
(inputenc)                not set up for use with LaTeX.

See the inputenc package documentation for explanation.
Type  H <return>  for immediate help.
 ...                                              
                                                  
l.4 ... –∑–∞—Ä—è–∂–µ–Ω—ã –æ–¥–∏–Ω–∞–∫–æ–≤—ã–º–∏ –∑
                                                  –∞—Ä—è–¥–∞–º–∏ $q$ –∏ —É–¥...

You may provide a definition with
\DeclareUnicodeCharacter 


! Package inputenc Error: Unicode character –∞ (U+0430)
(inputenc)                not set up for use with LaTeX.

See the inputenc package documentation for explanation.
Type  H <return>  for immediate help.
 ...                                              
                                                  
l.4 ...∑–∞—Ä—è–∂–µ–Ω—ã –æ–¥–∏–Ω–∞–∫–æ–≤—ã–º–∏ –∑–∞
                                                  —Ä—è–¥–∞–º–∏ $q$ –∏ —É–¥–µ...

You may provide a definition with
\DeclareUnicodeCharacter 


! Package inputenc Error: Unicode character —Ä (U+0440)
(inputenc)                not set up for use with LaTeX.

See the inputenc package documentation for explanation.
Type  H <return>  for immediate help.
 ...                                              
                                                  
l.4 ...∞—Ä—è–∂–µ–Ω—ã –æ–¥–∏–Ω–∞–∫–æ–≤—ã–º–∏ –∑–∞—Ä
                                                  —è–¥–∞–º–∏ $q$ –∏ —É–¥–µ—Ä...

You may provide a definition with
\DeclareUnicodeCharacter 


! Package inputenc Error: Unicode character —è (U+044F)
(inputenc)                not set up for use with LaTeX.

See the inputenc package documentation for explanation.
Type  H <return>  for immediate help.
 ...                                              
                                                  
l.4 ...Ä—è–∂–µ–Ω—ã –æ–¥–∏–Ω–∞–∫–æ–≤—ã–º–∏ –∑–∞—Ä—è
                                                  –¥–∞–º–∏ $q$ –∏ —É–¥–µ—Ä–∂...

You may provide a definition with
\DeclareUnicodeCharacter 


! Package inputenc Error: Unicode character –¥ (U+0434)
(inputenc)                not set up for use with LaTeX.

See the inputenc package documentation for explanation.
Type  H <return>  for immediate help.
 ...                                              
                                                  
l.4 ...è–∂–µ–Ω—ã –æ–¥–∏–Ω–∞–∫–æ–≤—ã–º–∏ –∑–∞—Ä—è–¥
                                                  –∞–º–∏ $q$ –∏ —É–¥–µ—Ä–∂–∏...

You may provide a definition with
\DeclareUnicodeCharacter 


! Package inputenc Error: Unicode character –∞ (U+0430)
(inputenc)                not set up for use with LaTeX.

See the inputenc package documentation for explanation.
Type  H <return>  for immediate help.
 ...                                              
                                                  
l.4 ...∂–µ–Ω—ã –æ–¥–∏–Ω–∞–∫–æ–≤—ã–º–∏ –∑–∞—Ä—è–¥–∞
                                                  –º–∏ $q$ –∏ —É–¥–µ—Ä–∂–∏–≤...

You may provide a definition with
\DeclareUnicodeCharacter 


! Package inputenc Error: Unicode character –º (U+043C)
(inputenc)                not set up for use with LaTeX.

See the inputenc package documentation for explanation.
Type  H <return>  for immediate help.
 ...                                              
                                                  
l.4 ...µ–Ω—ã –æ–¥–∏–Ω–∞–∫–æ–≤—ã–º–∏ –∑–∞—Ä—è–¥–∞–º
                                                  –∏ $q$ –∏ —É–¥–µ—Ä–∂–∏–≤–∞...

You may provide a definition with
\DeclareUnicodeCharacter 


! Package inputenc Error: Unicode character –∏ (U+0438)
(inputenc)                not set up for use with LaTeX.

See the inputenc package documentation for explanation.
Type  H <return>  for immediate help.
 ...                                              
                                                  
l.4 ...Ω—ã –æ–¥–∏–Ω–∞–∫–æ–≤—ã–º–∏ –∑–∞—Ä—è–¥–∞–º–∏
                                                   $q$ –∏ —É–¥–µ—Ä–∂–∏–≤–∞—é...

You may provide a definition with
\DeclareUnicodeCharacter 


! Package inputenc Error: Unicode character –∏ (U+0438)
(inputenc)                not set up for use with LaTeX.

See the inputenc package documentation for explanation.
Type  H <return>  for immediate help.
 ...                                              
                                                  
l.4 ...¥–∏–Ω–∞–∫–æ–≤—ã–º–∏ –∑–∞—Ä—è–¥–∞–º–∏ $q$ –∏
                                                   —É–¥–µ—Ä–∂–∏–≤–∞—é—Ç—Å—è ...

You may provide a definition with
\DeclareUnicodeCharacter 


! Package inputenc Error: Unicode character —É (U+0443)
(inputenc)                not set up for use with LaTeX.

See the inputenc package documentation for explanation.
Type  H <return>  for immediate help.
 ...                                              
                                                  
l.4 ...–Ω–∞–∫–æ–≤—ã–º–∏ –∑–∞—Ä—è–¥–∞–º–∏ $q$ –∏ —É
                                                  –¥–µ—Ä–∂–∏–≤–∞—é—Ç—Å—è –Ω–...

You may provide a definition with
\DeclareUnicodeCharacter 


! Package inputenc Error: Unicode character –¥ (U+0434)
(inputenc)                not set up for use with LaTeX.

See the inputenc package documentation for explanation.
Type  H <return>  for immediate help.
 ...                                              
                                                  
l.4 ...–∞–∫–æ–≤—ã–º–∏ –∑–∞—Ä—è–¥–∞–º–∏ $q$ –∏ —É–¥
                                                  –µ—Ä–∂–∏–≤–∞—é—Ç—Å—è –Ω–∞ ...

You may provide a definition with
\DeclareUnicodeCharacter 


! Package inputenc Error: Unicode character –µ (U+0435)
(inputenc)                not set up for use with LaTeX.

See the inputenc package documentation for explanation.
Type  H <return>  for immediate help.
 ...                                              
                                                  
l.4 ...–∫–æ–≤—ã–º–∏ –∑–∞—Ä—è–¥–∞–º–∏ $q$ –∏ —É–¥–µ
                                                  —Ä–∂–∏–≤–∞—é—Ç—Å—è –Ω–∞ —Ä...

You may provide a definition with
\DeclareUnicodeCharacter 


! Package inputenc Error: Unicode character —Ä (U+0440)
(inputenc)                not set up for use with LaTeX.

See the inputenc package documentation for explanation.
Type  H <return>  for immediate help.
 ...                                              
                                                  
l.4 ...–æ–≤—ã–º–∏ –∑–∞—Ä—è–¥–∞–º–∏ $q$ –∏ —É–¥–µ—Ä
                                                  –∂–∏–≤–∞—é—Ç—Å—è –Ω–∞ —Ä–∞...

You may provide a definition with
\DeclareUnicodeCharacter 


! Package inputenc Error: Unicode character –∂ (U+0436)
(inputenc)                not set up for use with LaTeX.

See the inputenc package documentation for explanation.
Type  H <return>  for immediate help.
 ...                                              
                                                  
l.4 ...–≤—ã–º–∏ –∑–∞—Ä—è–¥–∞–º–∏ $q$ –∏ —É–¥–µ—Ä–∂
                                                  –∏–≤–∞—é—Ç—Å—è –Ω–∞ —Ä–∞—Å...

You may provide a definition with
\DeclareUnicodeCharacter 


! Package inputenc Error: Unicode character –∏ (U+0438)
(inputenc)                not set up for use with LaTeX.

See the inputenc package documentation for explanation.
Type  H <return>  for immediate help.
 ...                                              
                                                  
l.4 ...—ã–º–∏ –∑–∞—Ä—è–¥–∞–º–∏ $q$ –∏ —É–¥–µ—Ä–∂–∏
                                                  –≤–∞—é—Ç—Å—è –Ω–∞ —Ä–∞—Å—Å...

You may provide a definition with
\DeclareUnicodeCharacter 


! Package inputenc Error: Unicode character –≤ (U+0432)
(inputenc)                not set up for use with LaTeX.

See the inputenc package documentation for explanation.
Type  H <return>  for immediate help.
 ...                                              
                                                  
l.4 ...–º–∏ –∑–∞—Ä—è–¥–∞–º–∏ $q$ –∏ —É–¥–µ—Ä–∂–∏–≤
                                                  –∞—é—Ç—Å—è –Ω–∞ —Ä–∞—Å—Å—Ç...

You may provide a definition with
\DeclareUnicodeCharacter 


! Package inputenc Error: Unicode character –∞ (U+0430)
(inputenc)                not set up for use with LaTeX.

See the inputenc package documentation for explanation.
Type  H <return>  for immediate help.
 ...                                              
                                                  
l.4 ...–∏ –∑–∞—Ä—è–¥–∞–º–∏ $q$ –∏ —É–¥–µ—Ä–∂–∏–≤–∞
                                                  —é—Ç—Å—è –Ω–∞ —Ä–∞—Å—Å—Ç–æ...

You may provide a definition with
\DeclareUnicodeCharacter 


! Package inputenc Error: Unicode character —é (U+044E)
(inputenc)                not set up for use with LaTeX.

See the inputenc package documentation for explanation.
Type  H <return>  for immediate help.
 ...                                              
                                                  
l.4 ... –∑–∞—Ä—è–¥–∞–º–∏ $q$ –∏ —É–¥–µ—Ä–∂–∏–≤–∞—é
                                                  —Ç—Å—è –Ω–∞ —Ä–∞—Å—Å—Ç–æ—è...

You may provide a definition with
\DeclareUnicodeCharacter 


! Package inputenc Error: Unicode character —Ç (U+0442)
(inputenc)                not set up for use with LaTeX.

See the inputenc package documentation for explanation.
Type  H <return>  for immediate help.
 ...                                              
                                                  
l.4 ...∑–∞—Ä—è–¥–∞–º–∏ $q$ –∏ —É–¥–µ—Ä–∂–∏–≤–∞—é—Ç
                                                  —Å—è –Ω–∞ —Ä–∞—Å—Å—Ç–æ—è–Ω...

You may provide a definition with
\DeclareUnicodeCharacter 


! Package inputenc Error: Unicode character —Å (U+0441)
(inputenc)                not set up for use with LaTeX.

See the inputenc package documentation for explanation.
Type  H <return>  for immediate help.
 ...                                              
                                                  
l.4 ...∞—Ä—è–¥–∞–º–∏ $q$ –∏ —É–¥–µ—Ä–∂–∏–≤–∞—é—Ç—Å
                                                  —è –Ω–∞ —Ä–∞—Å—Å—Ç–æ—è–Ω–∏...

You may provide a definition with
\DeclareUnicodeCharacter 


! Package inputenc Error: Unicode character —è (U+044F)
(inputenc)                not set up for use with LaTeX.

See the inputenc package documentation for explanation.
Type  H <return>  for immediate help.
 ...                                              
                                                  
l.4 ...Ä—è–¥–∞–º–∏ $q$ –∏ —É–¥–µ—Ä–∂–∏–≤–∞—é—Ç—Å—è
                                                   –Ω–∞ —Ä–∞—Å—Å—Ç–æ—è–Ω–∏–∏...

You may provide a definition with
\DeclareUnicodeCharacter 


! Package inputenc Error: Unicode character –Ω (U+043D)
(inputenc)                not set up for use with LaTeX.

See the inputenc package documentation for explanation.
Type  H <return>  for immediate help.
 ...                                              
                                                  
l.4 ...–¥–∞–º–∏ $q$ –∏ —É–¥–µ—Ä–∂–∏–≤–∞—é—Ç—Å—è –Ω
                                                  –∞ —Ä–∞—Å—Å—Ç–æ—è–Ω–∏–∏ $L...

You may provide a definition with
\DeclareUnicodeCharacter 


! Package inputenc Error: Unicode character –∞ (U+0430)
(inputenc)                not set up for use with LaTeX.

See the inputenc package documentation for explanation.
Type  H <return>  for immediate help.
 ...                                              
                                                  
l.4 ...–∞–º–∏ $q$ –∏ —É–¥–µ—Ä–∂–∏–≤–∞—é—Ç—Å—è –Ω–∞
                                                   —Ä–∞—Å—Å—Ç–æ—è–Ω–∏–∏ $L$ ...

You may provide a definition with
\DeclareUnicodeCharacter 


! Package inputenc Error: Unicode character —Ä (U+0440)
(inputenc)                not set up for use with LaTeX.

See the inputenc package documentation for explanation.
Type  H <return>  for immediate help.
 ...                                              
                                                  
l.4 ...º–∏ $q$ –∏ —É–¥–µ—Ä–∂–∏–≤–∞—é—Ç—Å—è –Ω–∞ —Ä
                                                  –∞—Å—Å—Ç–æ—è–Ω–∏–∏ $L$ –¥—...

You may provide a definition with
\DeclareUnicodeCharacter 


! Package inputenc Error: Unicode character –∞ (U+0430)
(inputenc)                not set up for use with LaTeX.

See the inputenc package documentation for explanation.
Type  H <return>  for immediate help.
 ...                                              
                                                  
l.4 ...∏ $q$ –∏ —É–¥–µ—Ä–∂–∏–≤–∞—é—Ç—Å—è –Ω–∞ —Ä–∞
                                                  —Å—Å—Ç–æ—è–Ω–∏–∏ $L$ –¥—Ä—...

You may provide a definition with
\DeclareUnicodeCharacter 


! Package inputenc Error: Unicode character —Å (U+0441)
(inputenc)                not set up for use with LaTeX.

See the inputenc package documentation for explanation.
Type  H <return>  for immediate help.
 ...                                              
                                                  
l.4 ...$q$ –∏ —É–¥–µ—Ä–∂–∏–≤–∞—é—Ç—Å—è –Ω–∞ —Ä–∞—Å
                                                  —Å—Ç–æ—è–Ω–∏–∏ $L$ –¥—Ä—É–...

You may provide a definition with
\DeclareUnicodeCharacter 


! Package inputenc Error: Unicode character —Å (U+0441)
(inputenc)                not set up for use with LaTeX.

See the inputenc package documentation for explanation.
Type  H <return>  for immediate help.
 ...                                              
                                                  
l.4 ...$ –∏ —É–¥–µ—Ä–∂–∏–≤–∞—é—Ç—Å—è –Ω–∞ —Ä–∞—Å—Å
                                                  —Ç–æ—è–Ω–∏–∏ $L$ –¥—Ä—É–≥ ...

You may provide a definition with
\DeclareUnicodeCharacter 


! Package inputenc Error: Unicode character —Ç (U+0442)
(inputenc)                not set up for use with LaTeX.

See the inputenc package documentation for explanation.
Type  H <return>  for immediate help.
 ...                                              
                                                  
l.4 ...–∏ —É–¥–µ—Ä–∂–∏–≤–∞—é—Ç—Å—è –Ω–∞ —Ä–∞—Å—Å—Ç
                                                  –æ—è–Ω–∏–∏ $L$ –¥—Ä—É–≥ –æ...

You may provide a definition with
\DeclareUnicodeCharacter 


! Package inputenc Error: Unicode character –æ (U+043E)
(inputenc)                not set up for use with LaTeX.

See the inputenc package documentation for explanation.
Type  H <return>  for immediate help.
 ...                                              
                                                  
l.4 ... —É–¥–µ—Ä–∂–∏–≤–∞—é—Ç—Å—è –Ω–∞ —Ä–∞—Å—Å—Ç–æ
                                                  —è–Ω–∏–∏ $L$ –¥—Ä—É–≥ –æ—Ç...

You may provide a definition with
\DeclareUnicodeCharacter 


! Package inputenc Error: Unicode character —è (U+044F)
(inputenc)                not set up for use with LaTeX.

See the inputenc package documentation for explanation.
Type  H <return>  for immediate help.
 ...                                              
                                                  
l.4 ...É–¥–µ—Ä–∂–∏–≤–∞—é—Ç—Å—è –Ω–∞ —Ä–∞—Å—Å—Ç–æ—è
                                                  –Ω–∏–∏ $L$ –¥—Ä—É–≥ –æ—Ç –...

You may provide a definition with
\DeclareUnicodeCharacter 


! Package inputenc Error: Unicode character –Ω (U+043D)
(inputenc)                not set up for use with LaTeX.

See the inputenc package documentation for explanation.
Type  H <return>  for immediate help.
 ...                                              
                                                  
l.4 ...¥–µ—Ä–∂–∏–≤–∞—é—Ç—Å—è –Ω–∞ —Ä–∞—Å—Å—Ç–æ—è–Ω
                                                  –∏–∏ $L$ –¥—Ä—É–≥ –æ—Ç –¥—...

You may provide a definition with
\DeclareUnicodeCharacter 


! Package inputenc Error: Unicode character –∏ (U+0438)
(inputenc)                not set up for use with LaTeX.

See the inputenc package documentation for explanation.
Type  H <return>  for immediate help.
 ...                                              
                                                  
l.4 ...µ—Ä–∂–∏–≤–∞—é—Ç—Å—è –Ω–∞ —Ä–∞—Å—Å—Ç–æ—è–Ω–∏
                                                  –∏ $L$ –¥—Ä—É–≥ –æ—Ç –¥—Ä—...

You may provide a definition with
\DeclareUnicodeCharacter 


! Package inputenc Error: Unicode character –∏ (U+0438)
(inputenc)                not set up for use with LaTeX.

See the inputenc package documentation for explanation.
Type  H <return>  for immediate help.
 ...                                              
                                                  
l.4 ...Ä–∂–∏–≤–∞—é—Ç—Å—è –Ω–∞ —Ä–∞—Å—Å—Ç–æ—è–Ω–∏–∏
                                                   $L$ –¥—Ä—É–≥ –æ—Ç –¥—Ä—É–...
(That makes 100 errors; please try again.) 
Here is how much of TeX's memory you used:
 34 strings out of 492895
 645 string characters out of 3123268
 57609 words of memory out of 3000000
 4049 multiletter control sequences out of 15000+200000
 3640 words of font info for 14 fonts, out of 3000000 for 9000
 1141 hyphenation exceptions out of 8191
 18i,1n,12p,570b,75s stack positions out of 5000i,500n,10000p,200000b,50000s

!  ==> Fatal error occurred, no output PDF file produced!
