This is pdfTeX, Version 3.14159265-2.6-1.40.20 (MiKTeX 2.9.7000 64-bit) (preloaded format=pdflatex 2019.5.11)  14 MAY 2019 23:19
entering extended mode
**./solutionsFile.tex
(solutionsFile.tex
LaTeX2e <2018-12-01>

! LaTeX Error: Environment Solution undefined.

See the LaTeX manual or LaTeX Companion for explanation.
Type  H <return>  for immediate help.
 ...                                              
                                                  
l.1 \begin{Solution}
                    {15}
Your command was ignored.
Type  I <command> <return>  to replace it with another command,
or  <return>  to continue without it.


! LaTeX Error: Missing \begin{document}.

See the LaTeX manual or LaTeX Companion for explanation.
Type  H <return>  for immediate help.
 ...                                              
                                                  
l.1 \begin{Solution}{1
                      5}
You're in trouble here.  Try typing  <return>  to proceed.
If that doesn't work, type  X <return>  to quit.

Missing character: There is no 1 in font nullfont!
Missing character: There is no 5 in font nullfont!

! Package inputenc Error: Unicode character –ü (U+041F)
(inputenc)                not set up for use with LaTeX.

See the inputenc package documentation for explanation.
Type  H <return>  for immediate help.
 ...                                              
                                                  
l.2 –ü
      –µ—Ä–µ–π–¥–µ–º –≤ —Å–∏—Å—Ç–µ–º—É –æ—Ç—Å—á–µ—Ç–∞, —Å–≤—è–∑–∞–Ω–Ω—É—é —Å...

You may provide a definition with
\DeclareUnicodeCharacter 


! Package inputenc Error: Unicode character –µ (U+0435)
(inputenc)                not set up for use with LaTeX.

See the inputenc package documentation for explanation.
Type  H <return>  for immediate help.
 ...                                              
                                                  
l.2 –ü–µ
        —Ä–µ–π–¥–µ–º –≤ —Å–∏—Å—Ç–µ–º—É –æ—Ç—Å—á–µ—Ç–∞, —Å–≤—è–∑–∞–Ω–Ω—É—é —Å...

You may provide a definition with
\DeclareUnicodeCharacter 


! Package inputenc Error: Unicode character —Ä (U+0440)
(inputenc)                not set up for use with LaTeX.

See the inputenc package documentation for explanation.
Type  H <return>  for immediate help.
 ...                                              
                                                  
l.2 –ü–µ—Ä
          –µ–π–¥–µ–º –≤ —Å–∏—Å—Ç–µ–º—É –æ—Ç—Å—á–µ—Ç–∞, —Å–≤—è–∑–∞–Ω–Ω—É—é —Å...

You may provide a definition with
\DeclareUnicodeCharacter 


! Package inputenc Error: Unicode character –µ (U+0435)
(inputenc)                not set up for use with LaTeX.

See the inputenc package documentation for explanation.
Type  H <return>  for immediate help.
 ...                                              
                                                  
l.2 –ü–µ—Ä–µ
            –π–¥–µ–º –≤ —Å–∏—Å—Ç–µ–º—É –æ—Ç—Å—á–µ—Ç–∞, —Å–≤—è–∑–∞–Ω–Ω—É—é —Å...

You may provide a definition with
\DeclareUnicodeCharacter 


! Package inputenc Error: Unicode character –π (U+0439)
(inputenc)                not set up for use with LaTeX.

See the inputenc package documentation for explanation.
Type  H <return>  for immediate help.
 ...                                              
                                                  
l.2 –ü–µ—Ä–µ–π
              –¥–µ–º –≤ —Å–∏—Å—Ç–µ–º—É –æ—Ç—Å—á–µ—Ç–∞, —Å–≤—è–∑–∞–Ω–Ω—É—é —Å...

You may provide a definition with
\DeclareUnicodeCharacter 


! Package inputenc Error: Unicode character –¥ (U+0434)
(inputenc)                not set up for use with LaTeX.

See the inputenc package documentation for explanation.
Type  H <return>  for immediate help.
 ...                                              
                                                  
l.2 –ü–µ—Ä–µ–π–¥
                –µ–º –≤ —Å–∏—Å—Ç–µ–º—É –æ—Ç—Å—á–µ—Ç–∞, —Å–≤—è–∑–∞–Ω–Ω—É—é —Å...

You may provide a definition with
\DeclareUnicodeCharacter 


! Package inputenc Error: Unicode character –µ (U+0435)
(inputenc)                not set up for use with LaTeX.

See the inputenc package documentation for explanation.
Type  H <return>  for immediate help.
 ...                                              
                                                  
l.2 –ü–µ—Ä–µ–π–¥–µ
                  –º –≤ —Å–∏—Å—Ç–µ–º—É –æ—Ç—Å—á–µ—Ç–∞, —Å–≤—è–∑–∞–Ω–Ω—É—é —Å...

You may provide a definition with
\DeclareUnicodeCharacter 


! Package inputenc Error: Unicode character –º (U+043C)
(inputenc)                not set up for use with LaTeX.

See the inputenc package documentation for explanation.
Type  H <return>  for immediate help.
 ...                                              
                                                  
l.2 –ü–µ—Ä–µ–π–¥–µ–º
                     –≤ —Å–∏—Å—Ç–µ–º—É –æ—Ç—Å—á–µ—Ç–∞, —Å–≤—è–∑–∞–Ω–Ω—É—é —Å...

You may provide a definition with
\DeclareUnicodeCharacter 


! Package inputenc Error: Unicode character –≤ (U+0432)
(inputenc)                not set up for use with LaTeX.

See the inputenc package documentation for explanation.
Type  H <return>  for immediate help.
 ...                                              
                                                  
l.2 –ü–µ—Ä–µ–π–¥–µ–º –≤
                        —Å–∏—Å—Ç–µ–º—É –æ—Ç—Å—á–µ—Ç–∞, —Å–≤—è–∑–∞–Ω–Ω—É—é —Å...

You may provide a definition with
\DeclareUnicodeCharacter 


! Package inputenc Error: Unicode character —Å (U+0441)
(inputenc)                not set up for use with LaTeX.

See the inputenc package documentation for explanation.
Type  H <return>  for immediate help.
 ...                                              
                                                  
l.2 –ü–µ—Ä–µ–π–¥–µ–º –≤ —Å
                          –∏—Å—Ç–µ–º—É –æ—Ç—Å—á–µ—Ç–∞, —Å–≤—è–∑–∞–Ω–Ω—É—é —Å...

You may provide a definition with
\DeclareUnicodeCharacter 


! Package inputenc Error: Unicode character –∏ (U+0438)
(inputenc)                not set up for use with LaTeX.

See the inputenc package documentation for explanation.
Type  H <return>  for immediate help.
 ...                                              
                                                  
l.2 –ü–µ—Ä–µ–π–¥–µ–º –≤ —Å–∏
                            —Å—Ç–µ–º—É –æ—Ç—Å—á–µ—Ç–∞, —Å–≤—è–∑–∞–Ω–Ω—É—é —Å...

You may provide a definition with
\DeclareUnicodeCharacter 


! Package inputenc Error: Unicode character —Å (U+0441)
(inputenc)                not set up for use with LaTeX.

See the inputenc package documentation for explanation.
Type  H <return>  for immediate help.
 ...                                              
                                                  
l.2 –ü–µ—Ä–µ–π–¥–µ–º –≤ —Å–∏—Å
                              —Ç–µ–º—É –æ—Ç—Å—á–µ—Ç–∞, —Å–≤—è–∑–∞–Ω–Ω—É—é —Å...

You may provide a definition with
\DeclareUnicodeCharacter 


! Package inputenc Error: Unicode character —Ç (U+0442)
(inputenc)                not set up for use with LaTeX.

See the inputenc package documentation for explanation.
Type  H <return>  for immediate help.
 ...                                              
                                                  
l.2 –ü–µ—Ä–µ–π–¥–µ–º –≤ —Å–∏—Å—Ç
                                –µ–º—É –æ—Ç—Å—á–µ—Ç–∞, —Å–≤—è–∑–∞–Ω–Ω—É—é —Å...

You may provide a definition with
\DeclareUnicodeCharacter 


! Package inputenc Error: Unicode character –µ (U+0435)
(inputenc)                not set up for use with LaTeX.

See the inputenc package documentation for explanation.
Type  H <return>  for immediate help.
 ...                                              
                                                  
l.2 –ü–µ—Ä–µ–π–¥–µ–º –≤ —Å–∏—Å—Ç–µ
                                  –º—É –æ—Ç—Å—á–µ—Ç–∞, —Å–≤—è–∑–∞–Ω–Ω—É—é —Å...

You may provide a definition with
\DeclareUnicodeCharacter 


! Package inputenc Error: Unicode character –º (U+043C)
(inputenc)                not set up for use with LaTeX.

See the inputenc package documentation for explanation.
Type  H <return>  for immediate help.
 ...                                              
                                                  
l.2 –ü–µ—Ä–µ–π–¥–µ–º –≤ —Å–∏—Å—Ç–µ–º
                                    —É –æ—Ç—Å—á–µ—Ç–∞, —Å–≤—è–∑–∞–Ω–Ω—É—é —Å...

You may provide a definition with
\DeclareUnicodeCharacter 


! Package inputenc Error: Unicode character —É (U+0443)
(inputenc)                not set up for use with LaTeX.

See the inputenc package documentation for explanation.
Type  H <return>  for immediate help.
 ...                                              
                                                  
l.2 –ü–µ—Ä–µ–π–¥–µ–º –≤ —Å–∏—Å—Ç–µ–º—É
                                       –æ—Ç—Å—á–µ—Ç–∞, —Å–≤—è–∑–∞–Ω–Ω—É—é —Å...

You may provide a definition with
\DeclareUnicodeCharacter 


! Package inputenc Error: Unicode character –æ (U+043E)
(inputenc)                not set up for use with LaTeX.

See the inputenc package documentation for explanation.
Type  H <return>  for immediate help.
 ...                                              
                                                  
l.2 –ü–µ—Ä–µ–π–¥–µ–º –≤ —Å–∏—Å—Ç–µ–º—É –æ
                                         —Ç—Å—á–µ—Ç–∞, —Å–≤—è–∑–∞–Ω–Ω—É—é —Å...

You may provide a definition with
\DeclareUnicodeCharacter 


! Package inputenc Error: Unicode character —Ç (U+0442)
(inputenc)                not set up for use with LaTeX.

See the inputenc package documentation for explanation.
Type  H <return>  for immediate help.
 ...                                              
                                                  
l.2 –ü–µ—Ä–µ–π–¥–µ–º –≤ —Å–∏—Å—Ç–µ–º—É –æ—Ç
                                           —Å—á–µ—Ç–∞, —Å–≤—è–∑–∞–Ω–Ω—É—é —Å...

You may provide a definition with
\DeclareUnicodeCharacter 


! Package inputenc Error: Unicode character —Å (U+0441)
(inputenc)                not set up for use with LaTeX.

See the inputenc package documentation for explanation.
Type  H <return>  for immediate help.
 ...                                              
                                                  
l.2 –ü–µ—Ä–µ–π–¥–µ–º –≤ —Å–∏—Å—Ç–µ–º—É –æ—Ç—Å
                                             —á–µ—Ç–∞, —Å–≤—è–∑–∞–Ω–Ω—É—é —Å...

You may provide a definition with
\DeclareUnicodeCharacter 


! Package inputenc Error: Unicode character —á (U+0447)
(inputenc)                not set up for use with LaTeX.

See the inputenc package documentation for explanation.
Type  H <return>  for immediate help.
 ...                                              
                                                  
l.2 –ü–µ—Ä–µ–π–¥–µ–º –≤ —Å–∏—Å—Ç–µ–º—É –æ—Ç—Å—á
                                               –µ—Ç–∞, —Å–≤—è–∑–∞–Ω–Ω—É—é —Å...

You may provide a definition with
\DeclareUnicodeCharacter 


! Package inputenc Error: Unicode character –µ (U+0435)
(inputenc)                not set up for use with LaTeX.

See the inputenc package documentation for explanation.
Type  H <return>  for immediate help.
 ...                                              
                                                  
l.2 –ü–µ—Ä–µ–π–¥–µ–º –≤ —Å–∏—Å—Ç–µ–º—É –æ—Ç—Å—á–µ
                                                 —Ç–∞, —Å–≤—è–∑–∞–Ω–Ω—É—é —Å...

You may provide a definition with
\DeclareUnicodeCharacter 


! Package inputenc Error: Unicode character —Ç (U+0442)
(inputenc)                not set up for use with LaTeX.

See the inputenc package documentation for explanation.
Type  H <return>  for immediate help.
 ...                                              
                                                  
l.2 ...—Ä–µ–π–¥–µ–º –≤ —Å–∏—Å—Ç–µ–º—É –æ—Ç—Å—á–µ—Ç
                                                  –∞, —Å–≤—è–∑–∞–Ω–Ω—É—é —Å ...

You may provide a definition with
\DeclareUnicodeCharacter 


! Package inputenc Error: Unicode character –∞ (U+0430)
(inputenc)                not set up for use with LaTeX.

See the inputenc package documentation for explanation.
Type  H <return>  for immediate help.
 ...                                              
                                                  
l.2 ...–µ–π–¥–µ–º –≤ —Å–∏—Å—Ç–µ–º—É –æ—Ç—Å—á–µ—Ç–∞
                                                  , —Å–≤—è–∑–∞–Ω–Ω—É—é —Å –∫...

You may provide a definition with
\DeclareUnicodeCharacter 

Missing character: There is no , in font nullfont!

! Package inputenc Error: Unicode character —Å (U+0441)
(inputenc)                not set up for use with LaTeX.

See the inputenc package documentation for explanation.
Type  H <return>  for immediate help.
 ...                                              
                                                  
l.2 ...–¥–µ–º –≤ —Å–∏—Å—Ç–µ–º—É –æ—Ç—Å—á–µ—Ç–∞, —Å
                                                  –≤—è–∑–∞–Ω–Ω—É—é —Å –∫–æ–ª...

You may provide a definition with
\DeclareUnicodeCharacter 


! Package inputenc Error: Unicode character –≤ (U+0432)
(inputenc)                not set up for use with LaTeX.

See the inputenc package documentation for explanation.
Type  H <return>  for immediate help.
 ...                                              
                                                  
l.2 ...–µ–º –≤ —Å–∏—Å—Ç–µ–º—É –æ—Ç—Å—á–µ—Ç–∞, —Å–≤
                                                  —è–∑–∞–Ω–Ω—É—é —Å –∫–æ–ª–µ...

You may provide a definition with
\DeclareUnicodeCharacter 


! Package inputenc Error: Unicode character —è (U+044F)
(inputenc)                not set up for use with LaTeX.

See the inputenc package documentation for explanation.
Type  H <return>  for immediate help.
 ...                                              
                                                  
l.2 ...–º –≤ —Å–∏—Å—Ç–µ–º—É –æ—Ç—Å—á–µ—Ç–∞, —Å–≤—è
                                                  –∑–∞–Ω–Ω—É—é —Å –∫–æ–ª–µ—á...

You may provide a definition with
\DeclareUnicodeCharacter 


! Package inputenc Error: Unicode character –∑ (U+0437)
(inputenc)                not set up for use with LaTeX.

See the inputenc package documentation for explanation.
Type  H <return>  for immediate help.
 ...                                              
                                                  
l.2 ... –≤ —Å–∏—Å—Ç–µ–º—É –æ—Ç—Å—á–µ—Ç–∞, —Å–≤—è–∑
                                                  –∞–Ω–Ω—É—é —Å –∫–æ–ª–µ—á–∫...

You may provide a definition with
\DeclareUnicodeCharacter 


! Package inputenc Error: Unicode character –∞ (U+0430)
(inputenc)                not set up for use with LaTeX.

See the inputenc package documentation for explanation.
Type  H <return>  for immediate help.
 ...                                              
                                                  
l.2 ...≤ —Å–∏—Å—Ç–µ–º—É –æ—Ç—Å—á–µ—Ç–∞, —Å–≤—è–∑–∞
                                                  –Ω–Ω—É—é —Å –∫–æ–ª–µ—á–∫–æ...

You may provide a definition with
\DeclareUnicodeCharacter 


! Package inputenc Error: Unicode character –Ω (U+043D)
(inputenc)                not set up for use with LaTeX.

See the inputenc package documentation for explanation.
Type  H <return>  for immediate help.
 ...                                              
                                                  
l.2 ...—Å–∏—Å—Ç–µ–º—É –æ—Ç—Å—á–µ—Ç–∞, —Å–≤—è–∑–∞–Ω
                                                  –Ω—É—é —Å –∫–æ–ª–µ—á–∫–æ–º...

You may provide a definition with
\DeclareUnicodeCharacter 


! Package inputenc Error: Unicode character –Ω (U+043D)
(inputenc)                not set up for use with LaTeX.

See the inputenc package documentation for explanation.
Type  H <return>  for immediate help.
 ...                                              
                                                  
l.2 ...–∏—Å—Ç–µ–º—É –æ—Ç—Å—á–µ—Ç–∞, —Å–≤—è–∑–∞–Ω–Ω
                                                  —É—é —Å –∫–æ–ª–µ—á–∫–æ–º $...

You may provide a definition with
\DeclareUnicodeCharacter 


! Package inputenc Error: Unicode character —É (U+0443)
(inputenc)                not set up for use with LaTeX.

See the inputenc package documentation for explanation.
Type  H <return>  for immediate help.
 ...                                              
                                                  
l.2 ...—Å—Ç–µ–º—É –æ—Ç—Å—á–µ—Ç–∞, —Å–≤—è–∑–∞–Ω–Ω—É
                                                  —é —Å –∫–æ–ª–µ—á–∫–æ–º $O'...

You may provide a definition with
\DeclareUnicodeCharacter 


! Package inputenc Error: Unicode character —é (U+044E)
(inputenc)                not set up for use with LaTeX.

See the inputenc package documentation for explanation.
Type  H <return>  for immediate help.
 ...                                              
                                                  
l.2 ...—Ç–µ–º—É –æ—Ç—Å—á–µ—Ç–∞, —Å–≤—è–∑–∞–Ω–Ω—É—é
                                                   —Å –∫–æ–ª–µ—á–∫–æ–º $O'$....

You may provide a definition with
\DeclareUnicodeCharacter 


! Package inputenc Error: Unicode character —Å (U+0441)
(inputenc)                not set up for use with LaTeX.

See the inputenc package documentation for explanation.
Type  H <return>  for immediate help.
 ...                                              
                                                  
l.2 ...µ–º—É –æ—Ç—Å—á–µ—Ç–∞, —Å–≤—è–∑–∞–Ω–Ω—É—é —Å
                                                   –∫–æ–ª–µ—á–∫–æ–º $O'$. –í...

You may provide a definition with
\DeclareUnicodeCharacter 


! Package inputenc Error: Unicode character –∫ (U+043A)
(inputenc)                not set up for use with LaTeX.

See the inputenc package documentation for explanation.
Type  H <return>  for immediate help.
 ...                                              
                                                  
l.2 ...—É –æ—Ç—Å—á–µ—Ç–∞, —Å–≤—è–∑–∞–Ω–Ω—É—é —Å –∫
                                                  –æ–ª–µ—á–∫–æ–º $O'$. –í —ç...

You may provide a definition with
\DeclareUnicodeCharacter 


! Package inputenc Error: Unicode character –æ (U+043E)
(inputenc)                not set up for use with LaTeX.

See the inputenc package documentation for explanation.
Type  H <return>  for immediate help.
 ...                                              
                                                  
l.2 ... –æ—Ç—Å—á–µ—Ç–∞, —Å–≤—è–∑–∞–Ω–Ω—É—é —Å –∫–æ
                                                  –ª–µ—á–∫–æ–º $O'$. –í —ç—Ç...

You may provide a definition with
\DeclareUnicodeCharacter 


! Package inputenc Error: Unicode character –ª (U+043B)
(inputenc)                not set up for use with LaTeX.

See the inputenc package documentation for explanation.
Type  H <return>  for immediate help.
 ...                                              
                                                  
l.2 ...æ—Ç—Å—á–µ—Ç–∞, —Å–≤—è–∑–∞–Ω–Ω—É—é —Å –∫–æ–ª
                                                  –µ—á–∫–æ–º $O'$. –í —ç—Ç–æ...

You may provide a definition with
\DeclareUnicodeCharacter 


! Package inputenc Error: Unicode character –µ (U+0435)
(inputenc)                not set up for use with LaTeX.

See the inputenc package documentation for explanation.
Type  H <return>  for immediate help.
 ...                                              
                                                  
l.2 ...Ç—Å—á–µ—Ç–∞, —Å–≤—è–∑–∞–Ω–Ω—É—é —Å –∫–æ–ª–µ
                                                  —á–∫–æ–º $O'$. –í —ç—Ç–æ–π...

You may provide a definition with
\DeclareUnicodeCharacter 


! Package inputenc Error: Unicode character —á (U+0447)
(inputenc)                not set up for use with LaTeX.

See the inputenc package documentation for explanation.
Type  H <return>  for immediate help.
 ...                                              
                                                  
l.2 ...Å—á–µ—Ç–∞, —Å–≤—è–∑–∞–Ω–Ω—É—é —Å –∫–æ–ª–µ—á
                                                  –∫–æ–º $O'$. –í —ç—Ç–æ–π —...

You may provide a definition with
\DeclareUnicodeCharacter 


! Package inputenc Error: Unicode character –∫ (U+043A)
(inputenc)                not set up for use with LaTeX.

See the inputenc package documentation for explanation.
Type  H <return>  for immediate help.
 ...                                              
                                                  
l.2 ...á–µ—Ç–∞, —Å–≤—è–∑–∞–Ω–Ω—É—é —Å –∫–æ–ª–µ—á–∫
                                                  –æ–º $O'$. –í —ç—Ç–æ–π —Å–...

You may provide a definition with
\DeclareUnicodeCharacter 


! Package inputenc Error: Unicode character –æ (U+043E)
(inputenc)                not set up for use with LaTeX.

See the inputenc package documentation for explanation.
Type  H <return>  for immediate help.
 ...                                              
                                                  
l.2 ...µ—Ç–∞, —Å–≤—è–∑–∞–Ω–Ω—É—é —Å –∫–æ–ª–µ—á–∫–æ
                                                  –º $O'$. –í —ç—Ç–æ–π —Å–∏—...

You may provide a definition with
\DeclareUnicodeCharacter 


! Package inputenc Error: Unicode character –º (U+043C)
(inputenc)                not set up for use with LaTeX.

See the inputenc package documentation for explanation.
Type  H <return>  for immediate help.
 ...                                              
                                                  
l.2 ...Ç–∞, —Å–≤—è–∑–∞–Ω–Ω—É—é —Å –∫–æ–ª–µ—á–∫–æ–º
                                                   $O'$. –í —ç—Ç–æ–π —Å–∏—Å—...

You may provide a definition with
\DeclareUnicodeCharacter 

LaTeX Font Info:    External font `cmex10' loaded for size
(Font)              <7> on input line 2.
LaTeX Font Info:    External font `cmex10' loaded for size
(Font)              <5> on input line 2.
Missing character: There is no . in font nullfont!

! Package inputenc Error: Unicode character –í (U+0412)
(inputenc)                not set up for use with LaTeX.

See the inputenc package documentation for explanation.
Type  H <return>  for immediate help.
 ...                                              
                                                  
l.2 ...—è–∑–∞–Ω–Ω—É—é —Å –∫–æ–ª–µ—á–∫–æ–º $O'$. –í
                                                   —ç—Ç–æ–π —Å–∏—Å—Ç–µ–º–µ –...

You may provide a definition with
\DeclareUnicodeCharacter 


! Package inputenc Error: Unicode character —ç (U+044D)
(inputenc)                not set up for use with LaTeX.

See the inputenc package documentation for explanation.
Type  H <return>  for immediate help.
 ...                                              
                                                  
l.2 ...∑–∞–Ω–Ω—É—é —Å –∫–æ–ª–µ—á–∫–æ–º $O'$. –í —ç
                                                  —Ç–æ–π —Å–∏—Å—Ç–µ–º–µ –æ—Ç...

You may provide a definition with
\DeclareUnicodeCharacter 


! Package inputenc Error: Unicode character —Ç (U+0442)
(inputenc)                not set up for use with LaTeX.

See the inputenc package documentation for explanation.
Type  H <return>  for immediate help.
 ...                                              
                                                  
l.2 ...∞–Ω–Ω—É—é —Å –∫–æ–ª–µ—á–∫–æ–º $O'$. –í —ç—Ç
                                                  –æ–π —Å–∏—Å—Ç–µ–º–µ –æ—Ç—Å...

You may provide a definition with
\DeclareUnicodeCharacter 


! Package inputenc Error: Unicode character –æ (U+043E)
(inputenc)                not set up for use with LaTeX.

See the inputenc package documentation for explanation.
Type  H <return>  for immediate help.
 ...                                              
                                                  
l.2 ...Ω–Ω—É—é —Å –∫–æ–ª–µ—á–∫–æ–º $O'$. –í —ç—Ç–æ
                                                  –π —Å–∏—Å—Ç–µ–º–µ –æ—Ç—Å—á...

You may provide a definition with
\DeclareUnicodeCharacter 


! Package inputenc Error: Unicode character –π (U+0439)
(inputenc)                not set up for use with LaTeX.

See the inputenc package documentation for explanation.
Type  H <return>  for immediate help.
 ...                                              
                                                  
l.2 ...Ω—É—é —Å –∫–æ–ª–µ—á–∫–æ–º $O'$. –í —ç—Ç–æ–π
                                                   —Å–∏—Å—Ç–µ–º–µ –æ—Ç—Å—á–µ...

You may provide a definition with
\DeclareUnicodeCharacter 


! Package inputenc Error: Unicode character —Å (U+0441)
(inputenc)                not set up for use with LaTeX.

See the inputenc package documentation for explanation.
Type  H <return>  for immediate help.
 ...                                              
                                                  
l.2 ...—é —Å –∫–æ–ª–µ—á–∫–æ–º $O'$. –í —ç—Ç–æ–π —Å
                                                  –∏—Å—Ç–µ–º–µ –æ—Ç—Å—á–µ—Ç–...

You may provide a definition with
\DeclareUnicodeCharacter 


! Package inputenc Error: Unicode character –∏ (U+0438)
(inputenc)                not set up for use with LaTeX.

See the inputenc package documentation for explanation.
Type  H <return>  for immediate help.
 ...                                              
                                                  
l.2 ... —Å –∫–æ–ª–µ—á–∫–æ–º $O'$. –í —ç—Ç–æ–π —Å–∏
                                                  —Å—Ç–µ–º–µ –æ—Ç—Å—á–µ—Ç–∞ ...

You may provide a definition with
\DeclareUnicodeCharacter 


! Package inputenc Error: Unicode character —Å (U+0441)
(inputenc)                not set up for use with LaTeX.

See the inputenc package documentation for explanation.
Type  H <return>  for immediate help.
 ...                                              
                                                  
l.2 ...Å –∫–æ–ª–µ—á–∫–æ–º $O'$. –í —ç—Ç–æ–π —Å–∏—Å
                                                  —Ç–µ–º–µ –æ—Ç—Å—á–µ—Ç–∞ —Å...

You may provide a definition with
\DeclareUnicodeCharacter 


! Package inputenc Error: Unicode character —Ç (U+0442)
(inputenc)                not set up for use with LaTeX.

See the inputenc package documentation for explanation.
Type  H <return>  for immediate help.
 ...                                              
                                                  
l.2 ...–∫–æ–ª–µ—á–∫–æ–º $O'$. –í —ç—Ç–æ–π —Å–∏—Å—Ç
                                                  –µ–º–µ –æ—Ç—Å—á–µ—Ç–∞ —Å–∫...

You may provide a definition with
\DeclareUnicodeCharacter 


! Package inputenc Error: Unicode character –µ (U+0435)
(inputenc)                not set up for use with LaTeX.

See the inputenc package documentation for explanation.
Type  H <return>  for immediate help.
 ...                                              
                                                  
l.2 ...–æ–ª–µ—á–∫–æ–º $O'$. –í —ç—Ç–æ–π —Å–∏—Å—Ç–µ
                                                  –º–µ –æ—Ç—Å—á–µ—Ç–∞ —Å–∫–æ...

You may provide a definition with
\DeclareUnicodeCharacter 


! Package inputenc Error: Unicode character –º (U+043C)
(inputenc)                not set up for use with LaTeX.

See the inputenc package documentation for explanation.
Type  H <return>  for immediate help.
 ...                                              
                                                  
l.2 ...–ª–µ—á–∫–æ–º $O'$. –í —ç—Ç–æ–π —Å–∏—Å—Ç–µ–º
                                                  –µ –æ—Ç—Å—á–µ—Ç–∞ —Å–∫–æ—Ä...

You may provide a definition with
\DeclareUnicodeCharacter 


! Package inputenc Error: Unicode character –µ (U+0435)
(inputenc)                not set up for use with LaTeX.

See the inputenc package documentation for explanation.
Type  H <return>  for immediate help.
 ...                                              
                                                  
l.2 ...–µ—á–∫–æ–º $O'$. –í —ç—Ç–æ–π —Å–∏—Å—Ç–µ–º–µ
                                                   –æ—Ç—Å—á–µ—Ç–∞ —Å–∫–æ—Ä–æ...

You may provide a definition with
\DeclareUnicodeCharacter 


! Package inputenc Error: Unicode character –æ (U+043E)
(inputenc)                not set up for use with LaTeX.

See the inputenc package documentation for explanation.
Type  H <return>  for immediate help.
 ...                                              
                                                  
l.2 ...á–∫–æ–º $O'$. –í —ç—Ç–æ–π —Å–∏—Å—Ç–µ–º–µ –æ
                                                  —Ç—Å—á–µ—Ç–∞ —Å–∫–æ—Ä–æ—Å—...

You may provide a definition with
\DeclareUnicodeCharacter 


! Package inputenc Error: Unicode character —Ç (U+0442)
(inputenc)                not set up for use with LaTeX.

See the inputenc package documentation for explanation.
Type  H <return>  for immediate help.
 ...                                              
                                                  
l.2 ...∫–æ–º $O'$. –í —ç—Ç–æ–π —Å–∏—Å—Ç–µ–º–µ –æ—Ç
                                                  —Å—á–µ—Ç–∞ —Å–∫–æ—Ä–æ—Å—Ç—...

You may provide a definition with
\DeclareUnicodeCharacter 


! Package inputenc Error: Unicode character —Å (U+0441)
(inputenc)                not set up for use with LaTeX.

See the inputenc package documentation for explanation.
Type  H <return>  for immediate help.
 ...                                              
                                                  
l.2 ...æ–º $O'$. –í —ç—Ç–æ–π —Å–∏—Å—Ç–µ–º–µ –æ—Ç—Å
                                                  —á–µ—Ç–∞ —Å–∫–æ—Ä–æ—Å—Ç—å ...

You may provide a definition with
\DeclareUnicodeCharacter 


! Package inputenc Error: Unicode character —á (U+0447)
(inputenc)                not set up for use with LaTeX.

See the inputenc package documentation for explanation.
Type  H <return>  for immediate help.
 ...                                              
                                                  
l.2 ...º $O'$. –í —ç—Ç–æ–π —Å–∏—Å—Ç–µ–º–µ –æ—Ç—Å—á
                                                  –µ—Ç–∞ —Å–∫–æ—Ä–æ—Å—Ç—å —Ç...

You may provide a definition with
\DeclareUnicodeCharacter 


! Package inputenc Error: Unicode character –µ (U+0435)
(inputenc)                not set up for use with LaTeX.

See the inputenc package documentation for explanation.
Type  H <return>  for immediate help.
 ...                                              
                                                  
l.2 ...$O'$. –í —ç—Ç–æ–π —Å–∏—Å—Ç–µ–º–µ –æ—Ç—Å—á–µ
                                                  —Ç–∞ —Å–∫–æ—Ä–æ—Å—Ç—å —Ç–æ...

You may provide a definition with
\DeclareUnicodeCharacter 


! Package inputenc Error: Unicode character —Ç (U+0442)
(inputenc)                not set up for use with LaTeX.

See the inputenc package documentation for explanation.
Type  H <return>  for immediate help.
 ...                                              
                                                  
l.2 ...'$. –í —ç—Ç–æ–π —Å–∏—Å—Ç–µ–º–µ –æ—Ç—Å—á–µ—Ç
                                                  –∞ —Å–∫–æ—Ä–æ—Å—Ç—å —Ç–æ—á...

You may provide a definition with
\DeclareUnicodeCharacter 


! Package inputenc Error: Unicode character –∞ (U+0430)
(inputenc)                not set up for use with LaTeX.

See the inputenc package documentation for explanation.
Type  H <return>  for immediate help.
 ...                                              
                                                  
l.2 .... –í —ç—Ç–æ–π —Å–∏—Å—Ç–µ–º–µ –æ—Ç—Å—á–µ—Ç–∞
                                                   —Å–∫–æ—Ä–æ—Å—Ç—å —Ç–æ—á–∫...

You may provide a definition with
\DeclareUnicodeCharacter 


! Package inputenc Error: Unicode character —Å (U+0441)
(inputenc)                not set up for use with LaTeX.

See the inputenc package documentation for explanation.
Type  H <return>  for immediate help.
 ...                                              
                                                  
l.2 ...í —ç—Ç–æ–π —Å–∏—Å—Ç–µ–º–µ –æ—Ç—Å—á–µ—Ç–∞ —Å
                                                  –∫–æ—Ä–æ—Å—Ç—å —Ç–æ—á–∫–∏ ...

You may provide a definition with
\DeclareUnicodeCharacter 


! Package inputenc Error: Unicode character –∫ (U+043A)
(inputenc)                not set up for use with LaTeX.

See the inputenc package documentation for explanation.
Type  H <return>  for immediate help.
 ...                                              
                                                  
l.2 ...—ç—Ç–æ–π —Å–∏—Å—Ç–µ–º–µ –æ—Ç—Å—á–µ—Ç–∞ —Å–∫
                                                  –æ—Ä–æ—Å—Ç—å —Ç–æ—á–∫–∏ $O...

You may provide a definition with
\DeclareUnicodeCharacter 


! Package inputenc Error: Unicode character –æ (U+043E)
(inputenc)                not set up for use with LaTeX.

See the inputenc package documentation for explanation.
Type  H <return>  for immediate help.
 ...                                              
                                                  
l.2 ...—Ç–æ–π —Å–∏—Å—Ç–µ–º–µ –æ—Ç—Å—á–µ—Ç–∞ —Å–∫–æ
                                                  —Ä–æ—Å—Ç—å —Ç–æ—á–∫–∏ $O$ ...

You may provide a definition with
\DeclareUnicodeCharacter 


! Package inputenc Error: Unicode character —Ä (U+0440)
(inputenc)                not set up for use with LaTeX.

See the inputenc package documentation for explanation.
Type  H <return>  for immediate help.
 ...                                              
                                                  
l.2 ...–æ–π —Å–∏—Å—Ç–µ–º–µ –æ—Ç—Å—á–µ—Ç–∞ —Å–∫–æ—Ä
                                                  –æ—Å—Ç—å —Ç–æ—á–∫–∏ $O$ —Ä...

You may provide a definition with
\DeclareUnicodeCharacter 


! Package inputenc Error: Unicode character –æ (U+043E)
(inputenc)                not set up for use with LaTeX.

See the inputenc package documentation for explanation.
Type  H <return>  for immediate help.
 ...                                              
                                                  
l.2 ...–π —Å–∏—Å—Ç–µ–º–µ –æ—Ç—Å—á–µ—Ç–∞ —Å–∫–æ—Ä–æ
                                                  —Å—Ç—å —Ç–æ—á–∫–∏ $O$ —Ä–∞...

You may provide a definition with
\DeclareUnicodeCharacter 


! Package inputenc Error: Unicode character —Å (U+0441)
(inputenc)                not set up for use with LaTeX.

See the inputenc package documentation for explanation.
Type  H <return>  for immediate help.
 ...                                              
                                                  
l.2 ... —Å–∏—Å—Ç–µ–º–µ –æ—Ç—Å—á–µ—Ç–∞ —Å–∫–æ—Ä–æ—Å
                                                  —Ç—å —Ç–æ—á–∫–∏ $O$ —Ä–∞–≤...

You may provide a definition with
\DeclareUnicodeCharacter 


! Package inputenc Error: Unicode character —Ç (U+0442)
(inputenc)                not set up for use with LaTeX.

See the inputenc package documentation for explanation.
Type  H <return>  for immediate help.
 ...                                              
                                                  
l.2 ...Å–∏—Å—Ç–µ–º–µ –æ—Ç—Å—á–µ—Ç–∞ —Å–∫–æ—Ä–æ—Å—Ç
                                                  —å —Ç–æ—á–∫–∏ $O$ —Ä–∞–≤–Ω...

You may provide a definition with
\DeclareUnicodeCharacter 


! Package inputenc Error: Unicode character —å (U+044C)
(inputenc)                not set up for use with LaTeX.

See the inputenc package documentation for explanation.
Type  H <return>  for immediate help.
 ...                                              
                                                  
l.2 ...∏—Å—Ç–µ–º–µ –æ—Ç—Å—á–µ—Ç–∞ —Å–∫–æ—Ä–æ—Å—Ç—å
                                                   —Ç–æ—á–∫–∏ $O$ —Ä–∞–≤–Ω–∞...

You may provide a definition with
\DeclareUnicodeCharacter 


! Package inputenc Error: Unicode character —Ç (U+0442)
(inputenc)                not set up for use with LaTeX.

See the inputenc package documentation for explanation.
Type  H <return>  for immediate help.
 ...                                              
                                                  
l.2 ...—Ç–µ–º–µ –æ—Ç—Å—á–µ—Ç–∞ —Å–∫–æ—Ä–æ—Å—Ç—å —Ç
                                                  –æ—á–∫–∏ $O$ —Ä–∞–≤–Ω–∞ $v...

You may provide a definition with
\DeclareUnicodeCharacter 


! Package inputenc Error: Unicode character –æ (U+043E)
(inputenc)                not set up for use with LaTeX.

See the inputenc package documentation for explanation.
Type  H <return>  for immediate help.
 ...                                              
                                                  
l.2 ...–µ–º–µ –æ—Ç—Å—á–µ—Ç–∞ —Å–∫–æ—Ä–æ—Å—Ç—å —Ç–æ
                                                  —á–∫–∏ $O$ —Ä–∞–≤–Ω–∞ $v_1...

You may provide a definition with
\DeclareUnicodeCharacter 


! Package inputenc Error: Unicode character —á (U+0447)
(inputenc)                not set up for use with LaTeX.

See the inputenc package documentation for explanation.
Type  H <return>  for immediate help.
 ...                                              
                                                  
l.2 ...–º–µ –æ—Ç—Å—á–µ—Ç–∞ —Å–∫–æ—Ä–æ—Å—Ç—å —Ç–æ—á
                                                  –∫–∏ $O$ —Ä–∞–≤–Ω–∞ $v_1/ ...

You may provide a definition with
\DeclareUnicodeCharacter 


! Package inputenc Error: Unicode character –∫ (U+043A)
(inputenc)                not set up for use with LaTeX.

See the inputenc package documentation for explanation.
Type  H <return>  for immediate help.
 ...                                              
                                                  
l.2 ...–µ –æ—Ç—Å—á–µ—Ç–∞ —Å–∫–æ—Ä–æ—Å—Ç—å —Ç–æ—á–∫
                                                  –∏ $O$ —Ä–∞–≤–Ω–∞ $v_1/ \c...

You may provide a definition with
\DeclareUnicodeCharacter 


! Package inputenc Error: Unicode character –∏ (U+0438)
(inputenc)                not set up for use with LaTeX.

See the inputenc package documentation for explanation.
Type  H <return>  for immediate help.
 ...                                              
                                                  
l.2 ... –æ—Ç—Å—á–µ—Ç–∞ —Å–∫–æ—Ä–æ—Å—Ç—å —Ç–æ—á–∫–∏
                                                   $O$ —Ä–∞–≤–Ω–∞ $v_1/ \cos...

You may provide a definition with
\DeclareUnicodeCharacter 


! Package inputenc Error: Unicode character —Ä (U+0440)
(inputenc)                not set up for use with LaTeX.

See the inputenc package documentation for explanation.
Type  H <return>  for immediate help.
 ...                                              
                                                  
l.2 ...—á–µ—Ç–∞ —Å–∫–æ—Ä–æ—Å—Ç—å —Ç–æ—á–∫–∏ $O$ —Ä
                                                  –∞–≤–Ω–∞ $v_1/ \cos \alpha...

You may provide a definition with
\DeclareUnicodeCharacter 


! Package inputenc Error: Unicode character –∞ (U+0430)
(inputenc)                not set up for use with LaTeX.

See the inputenc package documentation for explanation.
Type  H <return>  for immediate help.
 ...                                              
                                                  
l.2 ...–µ—Ç–∞ —Å–∫–æ—Ä–æ—Å—Ç—å —Ç–æ—á–∫–∏ $O$ —Ä–∞
                                                  –≤–Ω–∞ $v_1/ \cos \alpha$ ...

You may provide a definition with
\DeclareUnicodeCharacter 


! Package inputenc Error: Unicode character –≤ (U+0432)
(inputenc)                not set up for use with LaTeX.

See the inputenc package documentation for explanation.
Type  H <return>  for immediate help.
 ...                                              
                                                  
l.2 ...—Ç–∞ —Å–∫–æ—Ä–æ—Å—Ç—å —Ç–æ—á–∫–∏ $O$ —Ä–∞–≤
                                                  –Ω–∞ $v_1/ \cos \alpha$ –∏...

You may provide a definition with
\DeclareUnicodeCharacter 


! Package inputenc Error: Unicode character –Ω (U+043D)
(inputenc)                not set up for use with LaTeX.

See the inputenc package documentation for explanation.
Type  H <return>  for immediate help.
 ...                                              
                                                  
l.2 ...–∞ —Å–∫–æ—Ä–æ—Å—Ç—å —Ç–æ—á–∫–∏ $O$ —Ä–∞–≤–Ω
                                                  –∞ $v_1/ \cos \alpha$ –∏ –...

You may provide a definition with
\DeclareUnicodeCharacter 


! Package inputenc Error: Unicode character –∞ (U+0430)
(inputenc)                not set up for use with LaTeX.

See the inputenc package documentation for explanation.
Type  H <return>  for immediate help.
 ...                                              
                                                  
l.2 ... —Å–∫–æ—Ä–æ—Å—Ç—å —Ç–æ—á–∫–∏ $O$ —Ä–∞–≤–Ω–∞
                                                   $v_1/ \cos \alpha$ –∏ –Ω–...

You may provide a definition with
\DeclareUnicodeCharacter 


! Package inputenc Error: Unicode character –∏ (U+0438)
(inputenc)                not set up for use with LaTeX.

See the inputenc package documentation for explanation.
Type  H <return>  for immediate help.
 ...                                              
                                                  
l.2 ...—á–∫–∏ $O$ —Ä–∞–≤–Ω–∞ $v_1/ \cos \alpha$ –∏
                                                   –Ω–∞–ø—Ä–∞–≤–ª–µ–Ω–∞ –≤–≤...

You may provide a definition with
\DeclareUnicodeCharacter 


! Package inputenc Error: Unicode character –Ω (U+043D)
(inputenc)                not set up for use with LaTeX.

See the inputenc package documentation for explanation.
Type  H <return>  for immediate help.
 ...                                              
                                                  
l.2 ...∫–∏ $O$ —Ä–∞–≤–Ω–∞ $v_1/ \cos \alpha$ –∏ –Ω
                                                  –∞–ø—Ä–∞–≤–ª–µ–Ω–∞ –≤–≤–µ—...

You may provide a definition with
\DeclareUnicodeCharacter 


! Package inputenc Error: Unicode character –∞ (U+0430)
(inputenc)                not set up for use with LaTeX.

See the inputenc package documentation for explanation.
Type  H <return>  for immediate help.
 ...                                              
                                                  
l.2 ...∏ $O$ —Ä–∞–≤–Ω–∞ $v_1/ \cos \alpha$ –∏ –Ω–∞
                                                  –ø—Ä–∞–≤–ª–µ–Ω–∞ –≤–≤–µ—Ä—...

You may provide a definition with
\DeclareUnicodeCharacter 


! Package inputenc Error: Unicode character –ø (U+043F)
(inputenc)                not set up for use with LaTeX.

See the inputenc package documentation for explanation.
Type  H <return>  for immediate help.
 ...                                              
                                                  
l.2 ...$O$ —Ä–∞–≤–Ω–∞ $v_1/ \cos \alpha$ –∏ –Ω–∞–ø
                                                  —Ä–∞–≤–ª–µ–Ω–∞ –≤–≤–µ—Ä—Ö,...

You may provide a definition with
\DeclareUnicodeCharacter 


! Package inputenc Error: Unicode character —Ä (U+0440)
(inputenc)                not set up for use with LaTeX.

See the inputenc package documentation for explanation.
Type  H <return>  for immediate help.
 ...                                              
                                                  
l.2 ...$ —Ä–∞–≤–Ω–∞ $v_1/ \cos \alpha$ –∏ –Ω–∞–ø—Ä
                                                  –∞–≤–ª–µ–Ω–∞ –≤–≤–µ—Ä—Ö, —...

You may provide a definition with
\DeclareUnicodeCharacter 


! Package inputenc Error: Unicode character –∞ (U+0430)
(inputenc)                not set up for use with LaTeX.

See the inputenc package documentation for explanation.
Type  H <return>  for immediate help.
 ...                                              
                                                  
l.2 ...—Ä–∞–≤–Ω–∞ $v_1/ \cos \alpha$ –∏ –Ω–∞–ø—Ä–∞
                                                  –≤–ª–µ–Ω–∞ –≤–≤–µ—Ä—Ö, —Ç–...

You may provide a definition with
\DeclareUnicodeCharacter 


! Package inputenc Error: Unicode character –≤ (U+0432)
(inputenc)                not set up for use with LaTeX.

See the inputenc package documentation for explanation.
Type  H <return>  for immediate help.
 ...                                              
                                                  
l.2 ...–∞–≤–Ω–∞ $v_1/ \cos \alpha$ –∏ –Ω–∞–ø—Ä–∞–≤
                                                  –ª–µ–Ω–∞ –≤–≤–µ—Ä—Ö, —Ç–∞–...

You may provide a definition with
\DeclareUnicodeCharacter 


! Package inputenc Error: Unicode character –ª (U+043B)
(inputenc)                not set up for use with LaTeX.

See the inputenc package documentation for explanation.
Type  H <return>  for immediate help.
 ...                                              
                                                  
l.2 ...–≤–Ω–∞ $v_1/ \cos \alpha$ –∏ –Ω–∞–ø—Ä–∞–≤–ª
                                                  –µ–Ω–∞ –≤–≤–µ—Ä—Ö, —Ç–∞–∫ ...

You may provide a definition with
\DeclareUnicodeCharacter 


! Package inputenc Error: Unicode character –µ (U+0435)
(inputenc)                not set up for use with LaTeX.

See the inputenc package documentation for explanation.
Type  H <return>  for immediate help.
 ...                                              
                                                  
l.2 ...–Ω–∞ $v_1/ \cos \alpha$ –∏ –Ω–∞–ø—Ä–∞–≤–ª–µ
                                                  –Ω–∞ –≤–≤–µ—Ä—Ö, —Ç–∞–∫ –∫...

You may provide a definition with
\DeclareUnicodeCharacter 


! Package inputenc Error: Unicode character –Ω (U+043D)
(inputenc)                not set up for use with LaTeX.

See the inputenc package documentation for explanation.
Type  H <return>  for immediate help.
 ...                                              
                                                  
l.2 ...–∞ $v_1/ \cos \alpha$ –∏ –Ω–∞–ø—Ä–∞–≤–ª–µ–Ω
                                                  –∞ –≤–≤–µ—Ä—Ö, —Ç–∞–∫ –∫–∞...

You may provide a definition with
\DeclareUnicodeCharacter 


! Package inputenc Error: Unicode character –∞ (U+0430)
(inputenc)                not set up for use with LaTeX.

See the inputenc package documentation for explanation.
Type  H <return>  for immediate help.
 ...                                              
                                                  
l.2 ... $v_1/ \cos \alpha$ –∏ –Ω–∞–ø—Ä–∞–≤–ª–µ–Ω–∞
                                                   –≤–≤–µ—Ä—Ö, —Ç–∞–∫ –∫–∞–∫...

You may provide a definition with
\DeclareUnicodeCharacter 


! Package inputenc Error: Unicode character –≤ (U+0432)
(inputenc)                not set up for use with LaTeX.

See the inputenc package documentation for explanation.
Type  H <return>  for immediate help.
 ...                                              
                                                  
l.2 ..._1/ \cos \alpha$ –∏ –Ω–∞–ø—Ä–∞–≤–ª–µ–Ω–∞ –≤
                                                  –≤–µ—Ä—Ö, —Ç–∞–∫ –∫–∞–∫ –Ω...

You may provide a definition with
\DeclareUnicodeCharacter 


! Package inputenc Error: Unicode character –≤ (U+0432)
(inputenc)                not set up for use with LaTeX.

See the inputenc package documentation for explanation.
Type  H <return>  for immediate help.
 ...                                              
                                                  
l.2 .../ \cos \alpha$ –∏ –Ω–∞–ø—Ä–∞–≤–ª–µ–Ω–∞ –≤–≤
                                                  –µ—Ä—Ö, —Ç–∞–∫ –∫–∞–∫ –Ω–∏...

You may provide a definition with
\DeclareUnicodeCharacter 


! Package inputenc Error: Unicode character –µ (U+0435)
(inputenc)                not set up for use with LaTeX.

See the inputenc package documentation for explanation.
Type  H <return>  for immediate help.
 ...                                              
                                                  
l.2 ...\cos \alpha$ –∏ –Ω–∞–ø—Ä–∞–≤–ª–µ–Ω–∞ –≤–≤–µ
                                                  —Ä—Ö, —Ç–∞–∫ –∫–∞–∫ –Ω–∏—Ç...

You may provide a definition with
\DeclareUnicodeCharacter 


! Package inputenc Error: Unicode character —Ä (U+0440)
(inputenc)                not set up for use with LaTeX.

See the inputenc package documentation for explanation.
Type  H <return>  for immediate help.
 ...                                              
                                                  
l.2 ...os \alpha$ –∏ –Ω–∞–ø—Ä–∞–≤–ª–µ–Ω–∞ –≤–≤–µ—Ä
                                                  —Ö, —Ç–∞–∫ –∫–∞–∫ –Ω–∏—Ç—å...

You may provide a definition with
\DeclareUnicodeCharacter 


! Package inputenc Error: Unicode character —Ö (U+0445)
(inputenc)                not set up for use with LaTeX.

See the inputenc package documentation for explanation.
Type  H <return>  for immediate help.
 ...                                              
                                                  
l.2 ... \alpha$ –∏ –Ω–∞–ø—Ä–∞–≤–ª–µ–Ω–∞ –≤–≤–µ—Ä—Ö
                                                  , —Ç–∞–∫ –∫–∞–∫ –Ω–∏—Ç—å –...

You may provide a definition with
\DeclareUnicodeCharacter 

Missing character: There is no , in font nullfont!

! Package inputenc Error: Unicode character —Ç (U+0442)
(inputenc)                not set up for use with LaTeX.

See the inputenc package documentation for explanation.
Type  H <return>  for immediate help.
 ...                                              
                                                  
l.2 ...pha$ –∏ –Ω–∞–ø—Ä–∞–≤–ª–µ–Ω–∞ –≤–≤–µ—Ä—Ö, —Ç
                                                  –∞–∫ –∫–∞–∫ –Ω–∏—Ç—å –Ω–µ—...

You may provide a definition with
\DeclareUnicodeCharacter 


! Package inputenc Error: Unicode character –∞ (U+0430)
(inputenc)                not set up for use with LaTeX.

See the inputenc package documentation for explanation.
Type  H <return>  for immediate help.
 ...                                              
                                                  
l.2 ...a$ –∏ –Ω–∞–ø—Ä–∞–≤–ª–µ–Ω–∞ –≤–≤–µ—Ä—Ö, —Ç–∞
                                                  –∫ –∫–∞–∫ –Ω–∏—Ç—å –Ω–µ—Ä–...

You may provide a definition with
\DeclareUnicodeCharacter 


! Package inputenc Error: Unicode character –∫ (U+043A)
(inputenc)                not set up for use with LaTeX.

See the inputenc package documentation for explanation.
Type  H <return>  for immediate help.
 ...                                              
                                                  
l.2 ... –∏ –Ω–∞–ø—Ä–∞–≤–ª–µ–Ω–∞ –≤–≤–µ—Ä—Ö, —Ç–∞–∫
                                                   –∫–∞–∫ –Ω–∏—Ç—å –Ω–µ—Ä–∞—...

You may provide a definition with
\DeclareUnicodeCharacter 


! Package inputenc Error: Unicode character –∫ (U+043A)
(inputenc)                not set up for use with LaTeX.

See the inputenc package documentation for explanation.
Type  H <return>  for immediate help.
 ...                                              
                                                  
l.2 ... –Ω–∞–ø—Ä–∞–≤–ª–µ–Ω–∞ –≤–≤–µ—Ä—Ö, —Ç–∞–∫ –∫
                                                  –∞–∫ –Ω–∏—Ç—å –Ω–µ—Ä–∞—Å—Ç...
(That makes 100 errors; please try again.) 
Here is how much of TeX's memory you used:
 35 strings out of 492895
 580 string characters out of 3123268
 57111 words of memory out of 3000000
 4050 multiletter control sequences out of 15000+200000
 3640 words of font info for 14 fonts, out of 3000000 for 9000
 1141 hyphenation exceptions out of 8191
 18i,2n,12p,728b,78s stack positions out of 5000i,500n,10000p,200000b,50000s

!  ==> Fatal error occurred, no output PDF file produced!
